[2019-08-22T09:32:58.440] [INFO] 信息 - *****************************************
[2019-08-22T09:32:58.442] [INFO] 信息 - 开启时间: 2019-08-22 9:32:58
[2019-08-22T09:32:58.442] [INFO] 信息 - *****************************************
[2019-08-22T09:39:38.560] [INFO] 信息 - ------------------------------------------------
[2019-08-22T09:39:38.561] [INFO] 信息 - 请求时间: 2019-08-22 9:39:38
[2019-08-22T09:39:38.562] [INFO] 信息 - 请求地址: /api/test/other
[2019-08-22T09:39:38.562] [INFO] 信息 - 请求参数: {}
[2019-08-22T09:39:38.562] [INFO] 信息 - 请求ip: 1
[2019-08-22T09:45:35.250] [INFO] 信息 - *****************************************
[2019-08-22T09:45:35.251] [INFO] 信息 - 开启时间: 2019-08-22 9:45:35
[2019-08-22T09:45:35.251] [INFO] 信息 - *****************************************
[2019-08-22T09:45:40.815] [INFO] 信息 - ------------------------------------------------
[2019-08-22T09:45:40.815] [INFO] 信息 - 请求时间: 2019-08-22 9:45:40
[2019-08-22T09:45:40.815] [INFO] 信息 - 请求地址: /api/test/other
[2019-08-22T09:45:40.815] [INFO] 信息 - 请求参数: {}
[2019-08-22T09:45:40.815] [INFO] 信息 - 请求ip: 1
[2019-08-22T09:46:01.110] [INFO] 信息 - *****************************************
[2019-08-22T09:46:01.112] [INFO] 信息 - 开启时间: 2019-08-22 9:46:1
[2019-08-22T09:46:01.112] [INFO] 信息 - *****************************************
[2019-08-22T09:46:02.920] [INFO] 信息 - ------------------------------------------------
[2019-08-22T09:46:02.920] [INFO] 信息 - 请求时间: 2019-08-22 9:46:2
[2019-08-22T09:46:02.920] [INFO] 信息 - 请求地址: /api/test/other
[2019-08-22T09:46:02.920] [INFO] 信息 - 请求参数: {}
[2019-08-22T09:46:02.924] [INFO] 信息 - 请求ip: 1
[2019-08-22T09:49:14.473] [INFO] 信息 - *****************************************
[2019-08-22T09:49:14.474] [INFO] 信息 - 开启时间: 2019-08-22 9:49:14
[2019-08-22T09:49:14.474] [INFO] 信息 - *****************************************
[2019-08-22T09:49:20.050] [INFO] 信息 - ------------------------------------------------
[2019-08-22T09:49:20.050] [INFO] 信息 - 请求时间: 2019-08-22 9:49:20
[2019-08-22T09:49:20.050] [INFO] 信息 - 请求地址: /api/test/other
[2019-08-22T09:49:20.050] [INFO] 信息 - 请求参数: {}
[2019-08-22T09:49:20.051] [INFO] 信息 - 请求ip: 1
[2019-08-22T09:49:47.895] [INFO] 信息 - *****************************************
[2019-08-22T09:49:47.896] [INFO] 信息 - 开启时间: 2019-08-22 9:49:47
[2019-08-22T09:49:47.896] [INFO] 信息 - *****************************************
[2019-08-22T09:49:49.015] [INFO] 信息 - ------------------------------------------------
[2019-08-22T09:49:49.016] [INFO] 信息 - 请求时间: 2019-08-22 9:49:49
[2019-08-22T09:49:49.016] [INFO] 信息 - 请求地址: /api/test/other
[2019-08-22T09:49:49.016] [INFO] 信息 - 请求参数: {}
[2019-08-22T09:49:49.016] [INFO] 信息 - 请求ip: 1
[2019-08-22T09:50:23.330] [INFO] 信息 - *****************************************
[2019-08-22T09:50:23.333] [INFO] 信息 - 开启时间: 2019-08-22 9:50:23
[2019-08-22T09:50:23.333] [INFO] 信息 - *****************************************
[2019-08-22T09:50:44.826] [INFO] 信息 - ------------------------------------------------
[2019-08-22T09:50:44.826] [INFO] 信息 - 请求时间: 2019-08-22 9:50:44
[2019-08-22T09:50:44.826] [INFO] 信息 - 请求地址: /api/test/other
[2019-08-22T09:50:44.826] [INFO] 信息 - 请求参数: {}
[2019-08-22T09:50:44.826] [INFO] 信息 - 请求ip: 1
[2019-08-22T09:50:56.308] [INFO] 信息 - *****************************************
[2019-08-22T09:50:56.309] [INFO] 信息 - 开启时间: 2019-08-22 9:50:56
[2019-08-22T09:50:56.310] [INFO] 信息 - *****************************************
[2019-08-22T09:50:57.597] [INFO] 信息 - ------------------------------------------------
[2019-08-22T09:50:57.597] [INFO] 信息 - 请求时间: 2019-08-22 9:50:57
[2019-08-22T09:50:57.597] [INFO] 信息 - 请求地址: /api/test/other
[2019-08-22T09:50:57.597] [INFO] 信息 - 请求参数: {}
[2019-08-22T09:50:57.598] [INFO] 信息 - 请求ip: 1
[2019-08-22T09:52:35.950] [INFO] 信息 - *****************************************
[2019-08-22T09:52:35.951] [INFO] 信息 - 开启时间: 2019-08-22 9:52:35
[2019-08-22T09:52:35.951] [INFO] 信息 - *****************************************
[2019-08-22T09:52:38.397] [INFO] 信息 - ------------------------------------------------
[2019-08-22T09:52:38.397] [INFO] 信息 - 请求时间: 2019-08-22 9:52:38
[2019-08-22T09:52:38.397] [INFO] 信息 - 请求地址: /api/test/other
[2019-08-22T09:52:38.397] [INFO] 信息 - 请求参数: {}
[2019-08-22T09:52:38.399] [INFO] 信息 - 请求ip: 1
[2019-08-22T09:54:09.069] [INFO] 信息 - *****************************************
[2019-08-22T09:54:09.071] [INFO] 信息 - 开启时间: 2019-08-22 9:54:9
[2019-08-22T09:54:09.071] [INFO] 信息 - *****************************************
[2019-08-22T09:54:10.852] [INFO] 信息 - ------------------------------------------------
[2019-08-22T09:54:10.852] [INFO] 信息 - 请求时间: 2019-08-22 9:54:10
[2019-08-22T09:54:10.852] [INFO] 信息 - 请求地址: /api/test/other
[2019-08-22T09:54:10.852] [INFO] 信息 - 请求参数: {}
[2019-08-22T09:54:10.852] [INFO] 信息 - 请求ip: 1
[2019-08-22T09:55:37.824] [INFO] 信息 - *****************************************
[2019-08-22T09:55:37.825] [INFO] 信息 - 开启时间: 2019-08-22 9:55:37
[2019-08-22T09:55:37.825] [INFO] 信息 - *****************************************
[2019-08-22T09:55:40.612] [INFO] 信息 - *****************************************
[2019-08-22T09:55:40.614] [INFO] 信息 - 开启时间: 2019-08-22 9:55:40
[2019-08-22T09:55:40.614] [INFO] 信息 - *****************************************
[2019-08-22T09:55:47.186] [INFO] 信息 - *****************************************
[2019-08-22T09:55:47.188] [INFO] 信息 - 开启时间: 2019-08-22 9:55:47
[2019-08-22T09:55:47.188] [INFO] 信息 - *****************************************
[2019-08-22T09:55:50.058] [INFO] 信息 - ------------------------------------------------
[2019-08-22T09:55:50.059] [INFO] 信息 - 请求时间: 2019-08-22 9:55:50
[2019-08-22T09:55:50.059] [INFO] 信息 - 请求地址: /api/test/other
[2019-08-22T09:55:50.059] [INFO] 信息 - 请求参数: {}
[2019-08-22T09:55:50.059] [INFO] 信息 - 请求ip: 1
[2019-08-22T09:56:23.020] [INFO] 信息 - *****************************************
[2019-08-22T09:56:23.021] [INFO] 信息 - 开启时间: 2019-08-22 9:56:23
[2019-08-22T09:56:23.022] [INFO] 信息 - *****************************************
[2019-08-22T09:56:24.578] [INFO] 信息 - ------------------------------------------------
[2019-08-22T09:56:24.578] [INFO] 信息 - 请求时间: 2019-08-22 9:56:24
[2019-08-22T09:56:24.578] [INFO] 信息 - 请求地址: /api/test/other
[2019-08-22T09:56:24.578] [INFO] 信息 - 请求参数: {}
[2019-08-22T09:56:24.579] [INFO] 信息 - 请求ip: 1
[2019-08-22T09:57:07.023] [INFO] 信息 - *****************************************
[2019-08-22T09:57:07.024] [INFO] 信息 - 开启时间: 2019-08-22 9:57:7
[2019-08-22T09:57:07.025] [INFO] 信息 - *****************************************
[2019-08-22T09:57:09.718] [INFO] 信息 - ------------------------------------------------
[2019-08-22T09:57:09.719] [INFO] 信息 - 请求时间: 2019-08-22 9:57:9
[2019-08-22T09:57:09.719] [INFO] 信息 - 请求地址: /api/test/other
[2019-08-22T09:57:09.719] [INFO] 信息 - 请求参数: {}
[2019-08-22T09:57:09.719] [INFO] 信息 - 请求ip: 1
[2019-08-22T09:57:23.165] [INFO] 信息 - *****************************************
[2019-08-22T09:57:23.167] [INFO] 信息 - 开启时间: 2019-08-22 9:57:23
[2019-08-22T09:57:23.167] [INFO] 信息 - *****************************************
[2019-08-22T09:57:24.876] [INFO] 信息 - ------------------------------------------------
[2019-08-22T09:57:24.876] [INFO] 信息 - 请求时间: 2019-08-22 9:57:24
[2019-08-22T09:57:24.876] [INFO] 信息 - 请求地址: /api/test/other
[2019-08-22T09:57:24.876] [INFO] 信息 - 请求参数: {}
[2019-08-22T09:57:24.877] [INFO] 信息 - 请求ip: 1
[2019-08-22T09:58:04.594] [INFO] 信息 - *****************************************
[2019-08-22T09:58:04.595] [INFO] 信息 - 开启时间: 2019-08-22 9:58:4
[2019-08-22T09:58:04.595] [INFO] 信息 - *****************************************
[2019-08-22T09:58:04.998] [INFO] 信息 - ------------------------------------------------
[2019-08-22T09:58:04.999] [INFO] 信息 - 请求时间: 2019-08-22 9:58:4
[2019-08-22T09:58:04.999] [INFO] 信息 - 请求地址: /api/test/other
[2019-08-22T09:58:04.999] [INFO] 信息 - 请求参数: {}
[2019-08-22T09:58:04.999] [INFO] 信息 - 请求ip: 1
[2019-08-22T09:58:15.443] [INFO] 信息 - *****************************************
[2019-08-22T09:58:15.444] [INFO] 信息 - 开启时间: 2019-08-22 9:58:15
[2019-08-22T09:58:15.444] [INFO] 信息 - *****************************************
[2019-08-22T09:58:17.531] [INFO] 信息 - *****************************************
[2019-08-22T09:58:17.532] [INFO] 信息 - 开启时间: 2019-08-22 9:58:17
[2019-08-22T09:58:17.532] [INFO] 信息 - *****************************************
[2019-08-22T09:58:19.239] [INFO] 信息 - ------------------------------------------------
[2019-08-22T09:58:19.240] [INFO] 信息 - 请求时间: 2019-08-22 9:58:19
[2019-08-22T09:58:19.240] [INFO] 信息 - 请求地址: /api/test/other
[2019-08-22T09:58:19.241] [INFO] 信息 - 请求参数: {}
[2019-08-22T09:58:19.241] [INFO] 信息 - 请求ip: 1
[2019-08-22T09:58:25.693] [INFO] 信息 - *****************************************
[2019-08-22T09:58:25.694] [INFO] 信息 - 开启时间: 2019-08-22 9:58:25
[2019-08-22T09:58:25.694] [INFO] 信息 - *****************************************
[2019-08-22T09:58:30.458] [INFO] 信息 - *****************************************
[2019-08-22T09:58:30.462] [INFO] 信息 - 开启时间: 2019-08-22 9:58:30
[2019-08-22T09:58:30.462] [INFO] 信息 - *****************************************
[2019-08-22T09:58:31.558] [INFO] 信息 - ------------------------------------------------
[2019-08-22T09:58:31.558] [INFO] 信息 - 请求时间: 2019-08-22 9:58:31
[2019-08-22T09:58:31.558] [INFO] 信息 - 请求地址: /api/test/other
[2019-08-22T09:58:31.558] [INFO] 信息 - 请求参数: {}
[2019-08-22T09:58:31.558] [INFO] 信息 - 请求ip: 1
[2019-08-22T10:00:25.708] [INFO] 信息 - *****************************************
[2019-08-22T10:00:25.710] [INFO] 信息 - 开启时间: 2019-08-22 10:00:25
[2019-08-22T10:00:25.710] [INFO] 信息 - *****************************************
[2019-08-22T10:00:27.686] [INFO] 信息 - ------------------------------------------------
[2019-08-22T10:00:27.686] [INFO] 信息 - 请求时间: 2019-08-22 10:00:27
[2019-08-22T10:00:27.686] [INFO] 信息 - 请求地址: /api/test/other
[2019-08-22T10:00:27.686] [INFO] 信息 - 请求参数: {}
[2019-08-22T10:00:27.687] [INFO] 信息 - 请求ip: 1
[2019-08-22T10:00:45.571] [INFO] 信息 - *****************************************
[2019-08-22T10:00:45.572] [INFO] 信息 - 开启时间: 2019-08-22 10:00:45
[2019-08-22T10:00:45.572] [INFO] 信息 - *****************************************
[2019-08-22T10:01:12.574] [INFO] 信息 - *****************************************
[2019-08-22T10:01:12.577] [INFO] 信息 - 开启时间: 2019-08-22 10:01:12
[2019-08-22T10:01:12.578] [INFO] 信息 - *****************************************
[2019-08-22T10:01:14.131] [INFO] 信息 - ------------------------------------------------
[2019-08-22T10:01:14.131] [INFO] 信息 - 请求时间: 2019-08-22 10:01:14
[2019-08-22T10:01:14.131] [INFO] 信息 - 请求地址: /api/test/other
[2019-08-22T10:01:14.131] [INFO] 信息 - 请求参数: {}
[2019-08-22T10:01:14.131] [INFO] 信息 - 请求ip: 1
[2019-08-22T10:01:31.795] [INFO] 信息 - *****************************************
[2019-08-22T10:01:31.796] [INFO] 信息 - 开启时间: 2019-08-22 10:01:31
[2019-08-22T10:01:31.796] [INFO] 信息 - *****************************************
[2019-08-22T10:01:35.249] [INFO] 信息 - ------------------------------------------------
[2019-08-22T10:01:35.249] [INFO] 信息 - 请求时间: 2019-08-22 10:01:35
[2019-08-22T10:01:35.249] [INFO] 信息 - 请求地址: /api/test/other
[2019-08-22T10:01:35.249] [INFO] 信息 - 请求参数: {}
[2019-08-22T10:01:35.250] [INFO] 信息 - 请求ip: 1
[2019-08-22T10:01:42.288] [INFO] 信息 - *****************************************
[2019-08-22T10:01:42.289] [INFO] 信息 - 开启时间: 2019-08-22 10:01:42
[2019-08-22T10:01:42.289] [INFO] 信息 - *****************************************
[2019-08-22T10:01:43.136] [INFO] 信息 - ------------------------------------------------
[2019-08-22T10:01:43.136] [INFO] 信息 - 请求时间: 2019-08-22 10:01:43
[2019-08-22T10:01:43.136] [INFO] 信息 - 请求地址: /api/test/other
[2019-08-22T10:01:43.136] [INFO] 信息 - 请求参数: {}
[2019-08-22T10:01:43.137] [INFO] 信息 - 请求ip: 1
[2019-08-22T10:02:04.318] [INFO] 信息 - *****************************************
[2019-08-22T10:02:04.319] [INFO] 信息 - 开启时间: 2019-08-22 10:02:4
[2019-08-22T10:02:04.319] [INFO] 信息 - *****************************************
[2019-08-22T10:02:05.199] [INFO] 信息 - *****************************************
[2019-08-22T10:02:05.200] [INFO] 信息 - 开启时间: 2019-08-22 10:02:5
[2019-08-22T10:02:05.200] [INFO] 信息 - *****************************************
[2019-08-22T10:02:06.395] [INFO] 信息 - *****************************************
[2019-08-22T10:02:06.396] [INFO] 信息 - 开启时间: 2019-08-22 10:02:6
[2019-08-22T10:02:06.396] [INFO] 信息 - *****************************************
[2019-08-22T10:02:06.947] [INFO] 信息 - ------------------------------------------------
[2019-08-22T10:02:06.947] [INFO] 信息 - 请求时间: 2019-08-22 10:02:6
[2019-08-22T10:02:06.947] [INFO] 信息 - 请求地址: /api/test/other
[2019-08-22T10:02:06.947] [INFO] 信息 - 请求参数: {}
[2019-08-22T10:02:06.948] [INFO] 信息 - 请求ip: 1
[2019-08-22T10:36:59.537] [INFO] 信息 - *****************************************
[2019-08-22T10:36:59.539] [INFO] 信息 - 开启时间: 2019-08-22 10:36:59
[2019-08-22T10:36:59.539] [INFO] 信息 - *****************************************
[2019-08-22T10:37:03.776] [INFO] 信息 - ------------------------------------------------
[2019-08-22T10:37:03.776] [INFO] 信息 - 请求时间: 2019-08-22 10:37:3
[2019-08-22T10:37:03.776] [INFO] 信息 - 请求地址: /api/test/other
[2019-08-22T10:37:03.776] [INFO] 信息 - 请求参数: {}
[2019-08-22T10:37:03.777] [INFO] 信息 - 请求ip: 1
[2019-08-22T10:38:49.456] [INFO] 信息 - *****************************************
[2019-08-22T10:38:49.458] [INFO] 信息 - 开启时间: 2019-08-22 10:38:49
[2019-08-22T10:38:49.458] [INFO] 信息 - *****************************************
[2019-08-22T10:38:52.032] [INFO] 信息 - ------------------------------------------------
[2019-08-22T10:38:52.032] [INFO] 信息 - 请求时间: 2019-08-22 10:38:52
[2019-08-22T10:38:52.032] [INFO] 信息 - 请求地址: /api/test/other
[2019-08-22T10:38:52.032] [INFO] 信息 - 请求参数: {}
[2019-08-22T10:38:52.033] [INFO] 信息 - 请求ip: 1
[2019-08-22T10:39:55.062] [INFO] 信息 - *****************************************
[2019-08-22T10:39:55.065] [INFO] 信息 - 开启时间: 2019-08-22 10:39:55
[2019-08-22T10:39:55.065] [INFO] 信息 - *****************************************
[2019-08-22T10:39:57.477] [INFO] 信息 - ------------------------------------------------
[2019-08-22T10:39:57.477] [INFO] 信息 - 请求时间: 2019-08-22 10:39:57
[2019-08-22T10:39:57.477] [INFO] 信息 - 请求地址: /api/test/other
[2019-08-22T10:39:57.477] [INFO] 信息 - 请求参数: {}
[2019-08-22T10:39:57.478] [INFO] 信息 - 请求ip: 1
[2019-08-22T10:40:12.560] [INFO] 信息 - *****************************************
[2019-08-22T10:40:12.561] [INFO] 信息 - 开启时间: 2019-08-22 10:40:12
[2019-08-22T10:40:12.561] [INFO] 信息 - *****************************************
[2019-08-22T10:40:13.783] [INFO] 信息 - ------------------------------------------------
[2019-08-22T10:40:13.783] [INFO] 信息 - 请求时间: 2019-08-22 10:40:13
[2019-08-22T10:40:13.783] [INFO] 信息 - 请求地址: /api/test/other
[2019-08-22T10:40:13.784] [INFO] 信息 - 请求参数: {}
[2019-08-22T10:40:13.784] [INFO] 信息 - 请求ip: 1
[2019-08-22T10:40:29.501] [INFO] 信息 - *****************************************
[2019-08-22T10:40:29.502] [INFO] 信息 - 开启时间: 2019-08-22 10:40:29
[2019-08-22T10:40:29.502] [INFO] 信息 - *****************************************
[2019-08-22T10:40:30.277] [INFO] 信息 - ------------------------------------------------
[2019-08-22T10:40:30.277] [INFO] 信息 - 请求时间: 2019-08-22 10:40:30
[2019-08-22T10:40:30.277] [INFO] 信息 - 请求地址: /api/test/other
[2019-08-22T10:40:30.277] [INFO] 信息 - 请求参数: {}
[2019-08-22T10:40:30.278] [INFO] 信息 - 请求ip: 1
[2019-08-22T10:40:35.444] [INFO] 信息 - *****************************************
[2019-08-22T10:40:35.447] [INFO] 信息 - 开启时间: 2019-08-22 10:40:35
[2019-08-22T10:40:35.447] [INFO] 信息 - *****************************************
[2019-08-22T10:40:45.989] [INFO] 信息 - ------------------------------------------------
[2019-08-22T10:40:45.990] [INFO] 信息 - 请求时间: 2019-08-22 10:40:45
[2019-08-22T10:40:45.990] [INFO] 信息 - 请求地址: /api/test/other
[2019-08-22T10:40:45.990] [INFO] 信息 - 请求参数: {}
[2019-08-22T10:40:45.991] [INFO] 信息 - 请求ip: 1
[2019-08-22T10:49:36.740] [INFO] 信息 - *****************************************
[2019-08-22T10:49:36.744] [INFO] 信息 - 开启时间: 2019-08-22 10:49:36
[2019-08-22T10:49:36.744] [INFO] 信息 - *****************************************
[2019-08-22T10:49:39.829] [INFO] 信息 - ------------------------------------------------
[2019-08-22T10:49:39.829] [INFO] 信息 - 请求时间: 2019-08-22 10:49:39
[2019-08-22T10:49:39.829] [INFO] 信息 - 请求地址: /api/test/other
[2019-08-22T10:49:39.829] [INFO] 信息 - 请求参数: {}
[2019-08-22T10:49:39.830] [INFO] 信息 - 请求ip: 1
[2019-08-22T10:50:53.910] [INFO] 信息 - *****************************************
[2019-08-22T10:50:53.912] [INFO] 信息 - 开启时间: 2019-08-22 10:50:53
[2019-08-22T10:50:53.912] [INFO] 信息 - *****************************************
[2019-08-22T10:50:58.310] [INFO] 信息 - ------------------------------------------------
[2019-08-22T10:50:58.310] [INFO] 信息 - 请求时间: 2019-08-22 10:50:58
[2019-08-22T10:50:58.310] [INFO] 信息 - 请求地址: /api/test/other
[2019-08-22T10:50:58.310] [INFO] 信息 - 请求参数: {}
[2019-08-22T10:50:58.311] [INFO] 信息 - 请求ip: 1
[2019-08-22T10:51:21.958] [INFO] 信息 - *****************************************
[2019-08-22T10:51:21.959] [INFO] 信息 - 开启时间: 2019-08-22 10:51:21
[2019-08-22T10:51:21.959] [INFO] 信息 - *****************************************
[2019-08-22T10:51:23.282] [INFO] 信息 - ------------------------------------------------
[2019-08-22T10:51:23.282] [INFO] 信息 - 请求时间: 2019-08-22 10:51:23
[2019-08-22T10:51:23.282] [INFO] 信息 - 请求地址: /api/test/other
[2019-08-22T10:51:23.282] [INFO] 信息 - 请求参数: {}
[2019-08-22T10:51:23.282] [INFO] 信息 - 请求ip: 1
[2019-08-22T10:53:25.605] [INFO] 信息 - *****************************************
[2019-08-22T10:53:25.609] [INFO] 信息 - 开启时间: 2019-08-22 10:53:25
[2019-08-22T10:53:25.609] [INFO] 信息 - *****************************************
[2019-08-22T10:53:30.473] [INFO] 信息 - ------------------------------------------------
[2019-08-22T10:53:30.473] [INFO] 信息 - 请求时间: 2019-08-22 10:53:30
[2019-08-22T10:53:30.473] [INFO] 信息 - 请求地址: /api/test/other
[2019-08-22T10:53:30.473] [INFO] 信息 - 请求参数: {}
[2019-08-22T10:53:30.474] [INFO] 信息 - 请求ip: 1
[2019-08-22T10:54:12.476] [INFO] 信息 - *****************************************
[2019-08-22T10:54:12.477] [INFO] 信息 - 开启时间: 2019-08-22 10:54:12
[2019-08-22T10:54:12.477] [INFO] 信息 - *****************************************
[2019-08-22T10:54:24.988] [INFO] 信息 - ------------------------------------------------
[2019-08-22T10:54:24.989] [INFO] 信息 - 请求时间: 2019-08-22 10:54:24
[2019-08-22T10:54:24.989] [INFO] 信息 - 请求地址: /api/test/other
[2019-08-22T10:54:24.989] [INFO] 信息 - 请求参数: {}
[2019-08-22T10:54:24.990] [INFO] 信息 - 请求ip: 1
[2019-08-22T10:55:02.198] [INFO] 信息 - *****************************************
[2019-08-22T10:55:02.199] [INFO] 信息 - 开启时间: 2019-08-22 10:55:2
[2019-08-22T10:55:02.199] [INFO] 信息 - *****************************************
[2019-08-22T10:55:04.840] [INFO] 信息 - ------------------------------------------------
[2019-08-22T10:55:04.840] [INFO] 信息 - 请求时间: 2019-08-22 10:55:4
[2019-08-22T10:55:04.840] [INFO] 信息 - 请求地址: /api/test/other
[2019-08-22T10:55:04.840] [INFO] 信息 - 请求参数: {}
[2019-08-22T10:55:04.840] [INFO] 信息 - 请求ip: 1
[2019-08-22T10:55:12.304] [INFO] 信息 - *****************************************
[2019-08-22T10:55:12.305] [INFO] 信息 - 开启时间: 2019-08-22 10:55:12
[2019-08-22T10:55:12.305] [INFO] 信息 - *****************************************
[2019-08-22T10:55:41.013] [INFO] 信息 - *****************************************
[2019-08-22T10:55:41.014] [INFO] 信息 - 开启时间: 2019-08-22 10:55:41
[2019-08-22T10:55:41.014] [INFO] 信息 - *****************************************
[2019-08-22T10:55:47.617] [INFO] 信息 - *****************************************
[2019-08-22T10:55:47.619] [INFO] 信息 - 开启时间: 2019-08-22 10:55:47
[2019-08-22T10:55:47.619] [INFO] 信息 - *****************************************
[2019-08-22T10:56:26.131] [INFO] 信息 - *****************************************
[2019-08-22T10:56:26.133] [INFO] 信息 - 开启时间: 2019-08-22 10:56:26
[2019-08-22T10:56:26.133] [INFO] 信息 - *****************************************
[2019-08-22T10:56:28.034] [INFO] 信息 - *****************************************
[2019-08-22T10:56:28.036] [INFO] 信息 - 开启时间: 2019-08-22 10:56:28
[2019-08-22T10:56:28.036] [INFO] 信息 - *****************************************
[2019-08-22T10:56:30.477] [INFO] 信息 - ------------------------------------------------
[2019-08-22T10:56:30.478] [INFO] 信息 - 请求时间: 2019-08-22 10:56:30
[2019-08-22T10:56:30.478] [INFO] 信息 - 请求地址: /api/test/other
[2019-08-22T10:56:30.478] [INFO] 信息 - 请求参数: {}
[2019-08-22T10:56:30.480] [INFO] 信息 - 请求ip: 1
[2019-08-22T10:56:44.311] [INFO] 信息 - *****************************************
[2019-08-22T10:56:44.312] [INFO] 信息 - 开启时间: 2019-08-22 10:56:44
[2019-08-22T10:56:44.312] [INFO] 信息 - *****************************************
[2019-08-22T10:57:14.538] [INFO] 信息 - *****************************************
[2019-08-22T10:57:14.539] [INFO] 信息 - 开启时间: 2019-08-22 10:57:14
[2019-08-22T10:57:14.539] [INFO] 信息 - *****************************************
[2019-08-22T10:57:19.246] [INFO] 信息 - ------------------------------------------------
[2019-08-22T10:57:19.246] [INFO] 信息 - 请求时间: 2019-08-22 10:57:19
[2019-08-22T10:57:19.246] [INFO] 信息 - 请求地址: /api/test/other
[2019-08-22T10:57:19.246] [INFO] 信息 - 请求参数: {}
[2019-08-22T10:57:19.246] [INFO] 信息 - 请求ip: 1
[2019-08-22T10:57:45.551] [INFO] 信息 - *****************************************
[2019-08-22T10:57:45.553] [INFO] 信息 - 开启时间: 2019-08-22 10:57:45
[2019-08-22T10:57:45.553] [INFO] 信息 - *****************************************
[2019-08-22T10:57:47.482] [INFO] 信息 - ------------------------------------------------
[2019-08-22T10:57:47.482] [INFO] 信息 - 请求时间: 2019-08-22 10:57:47
[2019-08-22T10:57:47.482] [INFO] 信息 - 请求地址: /api/test/other
[2019-08-22T10:57:47.483] [INFO] 信息 - 请求参数: {}
[2019-08-22T10:57:47.484] [INFO] 信息 - 请求ip: 1
[2019-08-22T10:58:26.693] [INFO] 信息 - *****************************************
[2019-08-22T10:58:26.694] [INFO] 信息 - 开启时间: 2019-08-22 10:58:26
[2019-08-22T10:58:26.694] [INFO] 信息 - *****************************************
[2019-08-22T10:58:27.949] [INFO] 信息 - *****************************************
[2019-08-22T10:58:27.950] [INFO] 信息 - 开启时间: 2019-08-22 10:58:27
[2019-08-22T10:58:27.950] [INFO] 信息 - *****************************************
[2019-08-22T10:58:30.512] [INFO] 信息 - ------------------------------------------------
[2019-08-22T10:58:30.512] [INFO] 信息 - 请求时间: 2019-08-22 10:58:30
[2019-08-22T10:58:30.512] [INFO] 信息 - 请求地址: /api/test/other
[2019-08-22T10:58:30.512] [INFO] 信息 - 请求参数: {}
[2019-08-22T10:58:30.512] [INFO] 信息 - 请求ip: 1
[2019-08-22T10:59:07.049] [INFO] 信息 - *****************************************
[2019-08-22T10:59:07.051] [INFO] 信息 - 开启时间: 2019-08-22 10:59:7
[2019-08-22T10:59:07.051] [INFO] 信息 - *****************************************
[2019-08-22T10:59:07.987] [INFO] 信息 - ------------------------------------------------
[2019-08-22T10:59:07.987] [INFO] 信息 - 请求时间: 2019-08-22 10:59:7
[2019-08-22T10:59:07.987] [INFO] 信息 - 请求地址: /api/test/other
[2019-08-22T10:59:07.987] [INFO] 信息 - 请求参数: {}
[2019-08-22T10:59:07.987] [INFO] 信息 - 请求ip: 1
[2019-08-22T10:59:18.954] [INFO] 信息 - *****************************************
[2019-08-22T10:59:18.955] [INFO] 信息 - 开启时间: 2019-08-22 10:59:18
[2019-08-22T10:59:18.955] [INFO] 信息 - *****************************************
[2019-08-22T10:59:19.712] [INFO] 信息 - ------------------------------------------------
[2019-08-22T10:59:19.712] [INFO] 信息 - 请求时间: 2019-08-22 10:59:19
[2019-08-22T10:59:19.712] [INFO] 信息 - 请求地址: /api/test/other
[2019-08-22T10:59:19.713] [INFO] 信息 - 请求参数: {}
[2019-08-22T10:59:19.713] [INFO] 信息 - 请求ip: 1
[2019-08-22T10:59:33.248] [INFO] 信息 - *****************************************
[2019-08-22T10:59:33.256] [INFO] 信息 - 开启时间: 2019-08-22 10:59:33
[2019-08-22T10:59:33.256] [INFO] 信息 - *****************************************
[2019-08-22T10:59:34.367] [INFO] 信息 - *****************************************
[2019-08-22T10:59:34.375] [INFO] 信息 - 开启时间: 2019-08-22 10:59:34
[2019-08-22T10:59:34.375] [INFO] 信息 - *****************************************
[2019-08-22T10:59:35.317] [INFO] 信息 - ------------------------------------------------
[2019-08-22T10:59:35.318] [INFO] 信息 - 请求时间: 2019-08-22 10:59:35
[2019-08-22T10:59:35.318] [INFO] 信息 - 请求地址: /api/test/other
[2019-08-22T10:59:35.318] [INFO] 信息 - 请求参数: {}
[2019-08-22T10:59:35.318] [INFO] 信息 - 请求ip: 1
[2019-08-22T11:01:58.736] [INFO] 信息 - *****************************************
[2019-08-22T11:01:58.737] [INFO] 信息 - 开启时间: 2019-08-22 11:01:58
[2019-08-22T11:01:58.738] [INFO] 信息 - *****************************************
[2019-08-22T11:02:00.151] [INFO] 信息 - ------------------------------------------------
[2019-08-22T11:02:00.151] [INFO] 信息 - 请求时间: 2019-08-22 11:02:0
[2019-08-22T11:02:00.151] [INFO] 信息 - 请求地址: /api/test/other
[2019-08-22T11:02:00.151] [INFO] 信息 - 请求参数: {}
[2019-08-22T11:02:00.152] [INFO] 信息 - 请求ip: 1
[2019-08-22T11:02:05.292] [INFO] 信息 - *****************************************
[2019-08-22T11:02:05.293] [INFO] 信息 - 开启时间: 2019-08-22 11:02:5
[2019-08-22T11:02:05.293] [INFO] 信息 - *****************************************
[2019-08-22T11:02:25.235] [INFO] 信息 - *****************************************
[2019-08-22T11:02:25.236] [INFO] 信息 - 开启时间: 2019-08-22 11:02:25
[2019-08-22T11:02:25.236] [INFO] 信息 - *****************************************
[2019-08-22T11:02:26.982] [INFO] 信息 - *****************************************
[2019-08-22T11:02:26.983] [INFO] 信息 - 开启时间: 2019-08-22 11:02:26
[2019-08-22T11:02:26.983] [INFO] 信息 - *****************************************
[2019-08-22T11:02:49.445] [INFO] 信息 - ------------------------------------------------
[2019-08-22T11:02:49.446] [INFO] 信息 - 请求时间: 2019-08-22 11:02:49
[2019-08-22T11:02:49.446] [INFO] 信息 - 请求地址: /api/test/other
[2019-08-22T11:02:49.446] [INFO] 信息 - 请求参数: {}
[2019-08-22T11:02:49.446] [INFO] 信息 - 请求ip: 1
[2019-08-22T11:04:41.916] [INFO] 信息 - *****************************************
[2019-08-22T11:04:41.918] [INFO] 信息 - 开启时间: 2019-08-22 11:04:41
[2019-08-22T11:04:41.918] [INFO] 信息 - *****************************************
[2019-08-22T11:04:43.391] [INFO] 信息 - ------------------------------------------------
[2019-08-22T11:04:43.391] [INFO] 信息 - 请求时间: 2019-08-22 11:04:43
[2019-08-22T11:04:43.391] [INFO] 信息 - 请求地址: /api/test/other
[2019-08-22T11:04:43.391] [INFO] 信息 - 请求参数: {}
[2019-08-22T11:04:43.392] [INFO] 信息 - 请求ip: 1
[2019-08-22T11:04:43.393] [INFO] 信息 - 开始请求数据
[2019-08-22T11:04:43.393] [INFO] 信息 - 请求接口:/blueskydc/uat/obt/api/admin/agentinfo
[2019-08-22T11:04:43.479] [INFO] 信息 - 请求数据:{"id":null,"agentid":null,"agentname":"","shortname":"","agentcode":"","iatacode":"","remark":"","officecode":"","available":"","telephone":"","address":"","postcode":"","recordNumber":"","policeRecordNumber":"","policeRecordNumberUrl":"","logourl":"","email":"","cagentid":"","agenttype":"","addressEn":"","telephoneEn":"","machineno":"","inmachineno":"","statisticflag":"","i18nConfig":"N","hasHighLevelTravelAnalysis":"","showFooter":"Y"}
[2019-08-22T11:05:14.445] [INFO] 信息 - *****************************************
[2019-08-22T11:05:14.446] [INFO] 信息 - 开启时间: 2019-08-22 11:05:14
[2019-08-22T11:05:14.446] [INFO] 信息 - *****************************************
[2019-08-22T11:05:39.395] [INFO] 信息 - *****************************************
[2019-08-22T11:05:39.396] [INFO] 信息 - 开启时间: 2019-08-22 11:05:39
[2019-08-22T11:05:39.396] [INFO] 信息 - *****************************************
[2019-08-22T11:05:40.538] [INFO] 信息 - ------------------------------------------------
[2019-08-22T11:05:40.539] [INFO] 信息 - 请求时间: 2019-08-22 11:05:40
[2019-08-22T11:05:40.539] [INFO] 信息 - 请求地址: /api/test/other
[2019-08-22T11:05:40.539] [INFO] 信息 - 请求参数: {}
[2019-08-22T11:05:40.539] [INFO] 信息 - 请求ip: 1
[2019-08-22T11:05:40.540] [INFO] 信息 - 开始请求数据
[2019-08-22T11:05:40.540] [INFO] 信息 - 请求接口:/blueskydc/uat/obt/api/admin/agentinfo
[2019-08-22T11:05:40.599] [INFO] 信息 - 请求数据:{"id":null,"agentid":null,"agentname":"","shortname":"","agentcode":"","iatacode":"","remark":"","officecode":"","available":"","telephone":"","address":"","postcode":"","recordNumber":"","policeRecordNumber":"","policeRecordNumberUrl":"","logourl":"","email":"","cagentid":"","agenttype":"","addressEn":"","telephoneEn":"","machineno":"","inmachineno":"","statisticflag":"","i18nConfig":"N","hasHighLevelTravelAnalysis":"","showFooter":"Y"}
[2019-08-22T11:07:51.577] [INFO] 信息 - *****************************************
[2019-08-22T11:07:51.578] [INFO] 信息 - 开启时间: 2019-08-22 11:07:51
[2019-08-22T11:07:51.578] [INFO] 信息 - *****************************************
[2019-08-22T11:07:59.869] [INFO] 信息 - *****************************************
[2019-08-22T11:07:59.870] [INFO] 信息 - 开启时间: 2019-08-22 11:07:59
[2019-08-22T11:07:59.871] [INFO] 信息 - *****************************************
[2019-08-22T11:08:09.376] [INFO] 信息 - *****************************************
[2019-08-22T11:08:09.381] [INFO] 信息 - 开启时间: 2019-08-22 11:08:9
[2019-08-22T11:08:09.382] [INFO] 信息 - *****************************************
[2019-08-22T11:08:18.193] [INFO] 信息 - ------------------------------------------------
[2019-08-22T11:08:18.193] [INFO] 信息 - 请求时间: 2019-08-22 11:08:18
[2019-08-22T11:08:18.193] [INFO] 信息 - 请求地址: /api/test/other
[2019-08-22T11:08:18.193] [INFO] 信息 - 请求参数: {}
[2019-08-22T11:08:18.193] [INFO] 信息 - 请求ip: 1
[2019-08-22T11:08:18.194] [INFO] 信息 - 开始请求数据
[2019-08-22T11:08:18.195] [INFO] 信息 - 请求接口:/blueskydc/uat/obt/api/admin/agentinfo
[2019-08-22T11:08:18.280] [INFO] 信息 - 请求数据:{"id":null,"agentid":null,"agentname":"","shortname":"","agentcode":"","iatacode":"","remark":"","officecode":"","available":"","telephone":"","address":"","postcode":"","recordNumber":"","policeRecordNumber":"","policeRecordNumberUrl":"","logourl":"","email":"","cagentid":"","agenttype":"","addressEn":"","telephoneEn":"","machineno":"","inmachineno":"","statisticflag":"","i18nConfig":"N","hasHighLevelTravelAnalysis":"","showFooter":"Y"}
[2019-08-22T11:08:32.869] [INFO] 信息 - *****************************************
[2019-08-22T11:08:32.871] [INFO] 信息 - 开启时间: 2019-08-22 11:08:32
[2019-08-22T11:08:32.871] [INFO] 信息 - *****************************************
[2019-08-22T11:08:59.060] [INFO] 信息 - *****************************************
[2019-08-22T11:08:59.062] [INFO] 信息 - 开启时间: 2019-08-22 11:08:59
[2019-08-22T11:08:59.063] [INFO] 信息 - *****************************************
[2019-08-22T11:09:00.050] [INFO] 信息 - ------------------------------------------------
[2019-08-22T11:09:00.050] [INFO] 信息 - 请求时间: 2019-08-22 11:09:0
[2019-08-22T11:09:00.050] [INFO] 信息 - 请求地址: /api/test/other
[2019-08-22T11:09:00.050] [INFO] 信息 - 请求参数: {}
[2019-08-22T11:09:00.051] [INFO] 信息 - 请求ip: 1
[2019-08-22T11:09:00.052] [INFO] 信息 - 开始请求数据
[2019-08-22T11:09:00.052] [INFO] 信息 - 请求接口:/blueskydc/uat/obt/api/admin/agentinfo
[2019-08-22T11:09:00.140] [INFO] 信息 - 请求数据:{"id":null,"agentid":null,"agentname":"","shortname":"","agentcode":"","iatacode":"","remark":"","officecode":"","available":"","telephone":"","address":"","postcode":"","recordNumber":"","policeRecordNumber":"","policeRecordNumberUrl":"","logourl":"","email":"","cagentid":"","agenttype":"","addressEn":"","telephoneEn":"","machineno":"","inmachineno":"","statisticflag":"","i18nConfig":"N","hasHighLevelTravelAnalysis":"","showFooter":"Y"}
[2019-08-22T11:09:13.270] [INFO] 信息 - *****************************************
[2019-08-22T11:09:13.271] [INFO] 信息 - 开启时间: 2019-08-22 11:09:13
[2019-08-22T11:09:13.271] [INFO] 信息 - *****************************************
[2019-08-22T11:09:13.979] [INFO] 信息 - ------------------------------------------------
[2019-08-22T11:09:13.979] [INFO] 信息 - 请求时间: 2019-08-22 11:09:13
[2019-08-22T11:09:13.979] [INFO] 信息 - 请求地址: /api/test/other
[2019-08-22T11:09:13.979] [INFO] 信息 - 请求参数: {}
[2019-08-22T11:09:13.980] [INFO] 信息 - 请求ip: 1
[2019-08-22T11:09:13.981] [INFO] 信息 - 开始请求数据
[2019-08-22T11:09:13.981] [INFO] 信息 - 请求接口:/blueskydc/uat/obt/api/admin/agentinfo
[2019-08-22T11:09:14.059] [INFO] 信息 - 请求数据:{"id":null,"agentid":null,"agentname":"","shortname":"","agentcode":"","iatacode":"","remark":"","officecode":"","available":"","telephone":"","address":"","postcode":"","recordNumber":"","policeRecordNumber":"","policeRecordNumberUrl":"","logourl":"","email":"","cagentid":"","agenttype":"","addressEn":"","telephoneEn":"","machineno":"","inmachineno":"","statisticflag":"","i18nConfig":"N","hasHighLevelTravelAnalysis":"","showFooter":"Y"}
[2019-08-22T11:09:42.630] [INFO] 信息 - *****************************************
[2019-08-22T11:09:42.631] [INFO] 信息 - 开启时间: 2019-08-22 11:09:42
[2019-08-22T11:09:42.631] [INFO] 信息 - *****************************************
[2019-08-22T11:09:54.819] [INFO] 信息 - *****************************************
[2019-08-22T11:09:54.820] [INFO] 信息 - 开启时间: 2019-08-22 11:09:54
[2019-08-22T11:09:54.820] [INFO] 信息 - *****************************************
[2019-08-22T11:09:55.799] [INFO] 信息 - ------------------------------------------------
[2019-08-22T11:09:55.799] [INFO] 信息 - 请求时间: 2019-08-22 11:09:55
[2019-08-22T11:09:55.799] [INFO] 信息 - 请求地址: /api/test/other
[2019-08-22T11:09:55.799] [INFO] 信息 - 请求参数: {}
[2019-08-22T11:09:55.800] [INFO] 信息 - 请求ip: 1
[2019-08-22T11:09:55.801] [INFO] 信息 - 开始请求数据
[2019-08-22T11:09:55.802] [INFO] 信息 - 请求接口:/blueskydc/uat/obt/api/admin/agentinfo
[2019-08-22T11:09:55.919] [INFO] 信息 - 请求数据:[object Object]
[2019-08-22T11:10:33.617] [INFO] 信息 - *****************************************
[2019-08-22T11:10:33.619] [INFO] 信息 - 开启时间: 2019-08-22 11:10:33
[2019-08-22T11:10:33.621] [INFO] 信息 - *****************************************
[2019-08-22T11:10:35.989] [INFO] 信息 - *****************************************
[2019-08-22T11:10:35.993] [INFO] 信息 - 开启时间: 2019-08-22 11:10:35
[2019-08-22T11:10:35.993] [INFO] 信息 - *****************************************
[2019-08-22T11:10:37.243] [INFO] 信息 - ------------------------------------------------
[2019-08-22T11:10:37.244] [INFO] 信息 - 请求时间: 2019-08-22 11:10:37
[2019-08-22T11:10:37.244] [INFO] 信息 - 请求地址: /api/test/other
[2019-08-22T11:10:37.244] [INFO] 信息 - 请求参数: {}
[2019-08-22T11:10:37.245] [INFO] 信息 - 请求ip: 1
[2019-08-22T11:10:37.246] [INFO] 信息 - 开始请求数据
[2019-08-22T11:10:37.246] [INFO] 信息 - 请求接口:/blueskydc/uat/obt/api/admin/agentinfo
[2019-08-22T11:10:37.332] [INFO] 信息 - 请求数据:[object Object]
[2019-08-22T11:10:48.518] [INFO] 信息 - *****************************************
[2019-08-22T11:10:48.520] [INFO] 信息 - 开启时间: 2019-08-22 11:10:48
[2019-08-22T11:10:48.520] [INFO] 信息 - *****************************************
[2019-08-22T11:10:53.102] [INFO] 信息 - *****************************************
[2019-08-22T11:10:53.104] [INFO] 信息 - 开启时间: 2019-08-22 11:10:53
[2019-08-22T11:10:53.104] [INFO] 信息 - *****************************************
[2019-08-22T11:15:28.140] [INFO] 信息 - *****************************************
[2019-08-22T11:15:28.141] [INFO] 信息 - 开启时间: 2019-08-22 11:15:28
[2019-08-22T11:15:28.141] [INFO] 信息 - *****************************************
[2019-08-22T11:15:51.779] [INFO] 信息 - *****************************************
[2019-08-22T11:15:51.780] [INFO] 信息 - 开启时间: 2019-08-22 11:15:51
[2019-08-22T11:15:51.780] [INFO] 信息 - *****************************************
[2019-08-22T11:16:00.325] [INFO] 信息 - ------------------------------------------------
[2019-08-22T11:16:00.325] [INFO] 信息 - 请求时间: 2019-08-22 11:16:0
[2019-08-22T11:16:00.325] [INFO] 信息 - 请求地址: /api/test/other
[2019-08-22T11:16:00.325] [INFO] 信息 - 请求参数: {}
[2019-08-22T11:16:00.326] [INFO] 信息 - 请求ip: 1
[2019-08-22T11:16:00.327] [INFO] 信息 - 开始请求数据
[2019-08-22T11:16:00.327] [INFO] 信息 - 请求接口:/blueskydc/uat/obt/api/admin/agentinfo
[2019-08-22T11:16:00.423] [INFO] 信息 - 请求数据:[object Object]
[2019-08-22T11:16:38.532] [INFO] 信息 - *****************************************
[2019-08-22T11:16:38.534] [INFO] 信息 - 开启时间: 2019-08-22 11:16:38
[2019-08-22T11:16:38.534] [INFO] 信息 - *****************************************
[2019-08-22T11:17:02.965] [INFO] 信息 - *****************************************
[2019-08-22T11:17:02.966] [INFO] 信息 - 开启时间: 2019-08-22 11:17:2
[2019-08-22T11:17:02.966] [INFO] 信息 - *****************************************
[2019-08-22T11:17:04.071] [INFO] 信息 - *****************************************
[2019-08-22T11:17:04.072] [INFO] 信息 - 开启时间: 2019-08-22 11:17:4
[2019-08-22T11:17:04.072] [INFO] 信息 - *****************************************
[2019-08-22T11:17:04.895] [INFO] 信息 - ------------------------------------------------
[2019-08-22T11:17:04.895] [INFO] 信息 - 请求时间: 2019-08-22 11:17:4
[2019-08-22T11:17:04.895] [INFO] 信息 - 请求地址: /api/test/other
[2019-08-22T11:17:04.895] [INFO] 信息 - 请求参数: {}
[2019-08-22T11:17:04.896] [INFO] 信息 - 请求ip: 1
[2019-08-22T11:17:04.897] [INFO] 信息 - 开始请求数据
[2019-08-22T11:17:04.897] [INFO] 信息 - 请求接口:/blueskydc/uat/obt/api/admin/agentinfo
[2019-08-22T11:17:04.996] [INFO] 信息 - 请求数据:{"id":null,"agentid":null,"agentname":"","shortname":"","agentcode":"","iatacode":"","remark":"","officecode":"","available":"","telephone":"","address":"","postcode":"","recordNumber":"","policeRecordNumber":"","policeRecordNumberUrl":"","logourl":"","email":"","cagentid":"","agenttype":"","addressEn":"","telephoneEn":"","machineno":"","inmachineno":"","statisticflag":"","i18nConfig":"N","hasHighLevelTravelAnalysis":"","showFooter":"Y"}
[2019-08-22T11:17:35.156] [INFO] 信息 - *****************************************
[2019-08-22T11:17:35.157] [INFO] 信息 - 开启时间: 2019-08-22 11:17:35
[2019-08-22T11:17:35.158] [INFO] 信息 - *****************************************
[2019-08-22T11:17:38.249] [INFO] 信息 - ------------------------------------------------
[2019-08-22T11:17:38.249] [INFO] 信息 - 请求时间: 2019-08-22 11:17:38
[2019-08-22T11:17:38.250] [INFO] 信息 - 请求地址: /api/test/other
[2019-08-22T11:17:38.250] [INFO] 信息 - 请求参数: {}
[2019-08-22T11:17:38.250] [INFO] 信息 - 请求ip: 1
[2019-08-22T11:17:38.252] [INFO] 信息 - 开始请求数据
[2019-08-22T11:17:38.252] [INFO] 信息 - 请求接口:/blueskydc/uat/obt/api/admin/agentinfo
[2019-08-22T11:17:38.338] [INFO] 信息 - 请求数据:{"id":null,"agentid":null,"agentname":"","shortname":"","agentcode":"","iatacode":"","remark":"","officecode":"","available":"","telephone":"","address":"","postcode":"","recordNumber":"","policeRecordNumber":"","policeRecordNumberUrl":"","logourl":"","email":"","cagentid":"","agenttype":"","addressEn":"","telephoneEn":"","machineno":"","inmachineno":"","statisticflag":"","i18nConfig":"N","hasHighLevelTravelAnalysis":"","showFooter":"Y"}
[2019-08-22T11:17:50.281] [INFO] 信息 - *****************************************
[2019-08-22T11:17:50.282] [INFO] 信息 - 开启时间: 2019-08-22 11:17:50
[2019-08-22T11:17:50.282] [INFO] 信息 - *****************************************
[2019-08-22T11:17:52.059] [INFO] 信息 - ------------------------------------------------
[2019-08-22T11:17:52.059] [INFO] 信息 - 请求时间: 2019-08-22 11:17:52
[2019-08-22T11:17:52.059] [INFO] 信息 - 请求地址: /api/test/other
[2019-08-22T11:17:52.059] [INFO] 信息 - 请求参数: {}
[2019-08-22T11:17:52.061] [INFO] 信息 - 请求ip: 1
[2019-08-22T11:17:52.063] [INFO] 信息 - 开始请求数据
[2019-08-22T11:17:52.063] [INFO] 信息 - 请求接口:/blueskydc/uat/obt/api/admin/agentinfo
[2019-08-22T11:17:52.199] [INFO] 信息 - 请求数据:{"id":null,"agentid":null,"agentname":"","shortname":"","agentcode":"","iatacode":"","remark":"","officecode":"","available":"","telephone":"","address":"","postcode":"","recordNumber":"","policeRecordNumber":"","policeRecordNumberUrl":"","logourl":"","email":"","cagentid":"","agenttype":"","addressEn":"","telephoneEn":"","machineno":"","inmachineno":"","statisticflag":"","i18nConfig":"N","hasHighLevelTravelAnalysis":"","showFooter":"Y"}
[2019-08-22T11:18:05.037] [INFO] 信息 - *****************************************
[2019-08-22T11:18:05.039] [INFO] 信息 - 开启时间: 2019-08-22 11:18:5
[2019-08-22T11:18:05.039] [INFO] 信息 - *****************************************
[2019-08-22T11:18:55.551] [INFO] 信息 - *****************************************
[2019-08-22T11:18:55.552] [INFO] 信息 - 开启时间: 2019-08-22 11:18:55
[2019-08-22T11:18:55.553] [INFO] 信息 - *****************************************
[2019-08-22T11:18:57.904] [INFO] 信息 - ------------------------------------------------
[2019-08-22T11:18:57.905] [INFO] 信息 - 请求时间: 2019-08-22 11:18:57
[2019-08-22T11:18:57.905] [INFO] 信息 - 请求地址: /api/test/other
[2019-08-22T11:18:57.905] [INFO] 信息 - 请求参数: {}
[2019-08-22T11:18:57.905] [INFO] 信息 - 请求ip: 1
[2019-08-22T11:18:57.907] [INFO] 信息 - 开始请求数据
[2019-08-22T11:18:57.907] [INFO] 信息 - 请求接口:/blueskydc/uat/obt/api/admin/agentinfo
[2019-08-22T11:18:57.988] [INFO] 信息 - 请求数据:{"id":null,"agentid":null,"agentname":"","shortname":"","agentcode":"","iatacode":"","remark":"","officecode":"","available":"","telephone":"","address":"","postcode":"","recordNumber":"","policeRecordNumber":"","policeRecordNumberUrl":"","logourl":"","email":"","cagentid":"","agenttype":"","addressEn":"","telephoneEn":"","machineno":"","inmachineno":"","statisticflag":"","i18nConfig":"N","hasHighLevelTravelAnalysis":"","showFooter":"Y"}
[2019-08-22T11:19:11.875] [INFO] 信息 - *****************************************
[2019-08-22T11:19:11.876] [INFO] 信息 - 开启时间: 2019-08-22 11:19:11
[2019-08-22T11:19:11.876] [INFO] 信息 - *****************************************
[2019-08-22T11:19:12.828] [INFO] 信息 - ------------------------------------------------
[2019-08-22T11:19:12.828] [INFO] 信息 - 请求时间: 2019-08-22 11:19:12
[2019-08-22T11:19:12.828] [INFO] 信息 - 请求地址: /api/test/other
[2019-08-22T11:19:12.828] [INFO] 信息 - 请求参数: {}
[2019-08-22T11:19:12.829] [INFO] 信息 - 请求ip: 1
[2019-08-22T11:19:12.830] [INFO] 信息 - 开始请求数据
[2019-08-22T11:19:12.831] [INFO] 信息 - 请求接口:/blueskydc/uat/obt/api/admin/agentinfo
[2019-08-22T11:19:12.923] [INFO] 信息 - 请求数据:{"id":null,"agentid":null,"agentname":"","shortname":"","agentcode":"","iatacode":"","remark":"","officecode":"","available":"","telephone":"","address":"","postcode":"","recordNumber":"","policeRecordNumber":"","policeRecordNumberUrl":"","logourl":"","email":"","cagentid":"","agenttype":"","addressEn":"","telephoneEn":"","machineno":"","inmachineno":"","statisticflag":"","i18nConfig":"N","hasHighLevelTravelAnalysis":"","showFooter":"Y"}
[2019-08-22T11:19:29.093] [INFO] 信息 - *****************************************
[2019-08-22T11:19:29.095] [INFO] 信息 - 开启时间: 2019-08-22 11:19:29
[2019-08-22T11:19:29.095] [INFO] 信息 - *****************************************
[2019-08-22T11:19:30.605] [INFO] 信息 - ------------------------------------------------
[2019-08-22T11:19:30.605] [INFO] 信息 - 请求时间: 2019-08-22 11:19:30
[2019-08-22T11:19:30.605] [INFO] 信息 - 请求地址: /api/test/other
[2019-08-22T11:19:30.605] [INFO] 信息 - 请求参数: {}
[2019-08-22T11:19:30.606] [INFO] 信息 - 请求ip: 1
[2019-08-22T11:19:30.609] [INFO] 信息 - 开始请求数据
[2019-08-22T11:19:30.609] [INFO] 信息 - 请求接口:/blueskydc/uat/obt/api/admin/agentinfo
[2019-08-22T11:19:30.725] [INFO] 信息 - 请求数据:{"id":null,"agentid":null,"agentname":"","shortname":"","agentcode":"","iatacode":"","remark":"","officecode":"","available":"","telephone":"","address":"","postcode":"","recordNumber":"","policeRecordNumber":"","policeRecordNumberUrl":"","logourl":"","email":"","cagentid":"","agenttype":"","addressEn":"","telephoneEn":"","machineno":"","inmachineno":"","statisticflag":"","i18nConfig":"N","hasHighLevelTravelAnalysis":"","showFooter":"Y"}
[2019-08-22T11:19:39.203] [INFO] 信息 - *****************************************
[2019-08-22T11:19:39.204] [INFO] 信息 - 开启时间: 2019-08-22 11:19:39
[2019-08-22T11:19:39.204] [INFO] 信息 - *****************************************
[2019-08-22T11:19:40.307] [INFO] 信息 - ------------------------------------------------
[2019-08-22T11:19:40.307] [INFO] 信息 - 请求时间: 2019-08-22 11:19:40
[2019-08-22T11:19:40.307] [INFO] 信息 - 请求地址: /api/test/other
[2019-08-22T11:19:40.307] [INFO] 信息 - 请求参数: {}
[2019-08-22T11:19:40.308] [INFO] 信息 - 请求ip: 1
[2019-08-22T11:19:40.309] [INFO] 信息 - 开始请求数据
[2019-08-22T11:19:40.310] [INFO] 信息 - 请求接口:/blueskydc/uat/obt/api/admin/agentinfo
[2019-08-22T11:19:40.404] [INFO] 信息 - 请求数据:{"id":null,"agentid":null,"agentname":"","shortname":"","agentcode":"","iatacode":"","remark":"","officecode":"","available":"","telephone":"","address":"","postcode":"","recordNumber":"","policeRecordNumber":"","policeRecordNumberUrl":"","logourl":"","email":"","cagentid":"","agenttype":"","addressEn":"","telephoneEn":"","machineno":"","inmachineno":"","statisticflag":"","i18nConfig":"N","hasHighLevelTravelAnalysis":"","showFooter":"Y"}
[2019-08-22T11:19:45.783] [INFO] 信息 - *****************************************
[2019-08-22T11:19:45.786] [INFO] 信息 - 开启时间: 2019-08-22 11:19:45
[2019-08-22T11:19:45.786] [INFO] 信息 - *****************************************
[2019-08-22T11:19:46.287] [INFO] 信息 - ------------------------------------------------
[2019-08-22T11:19:46.287] [INFO] 信息 - 请求时间: 2019-08-22 11:19:46
[2019-08-22T11:19:46.287] [INFO] 信息 - 请求地址: /api/test/other
[2019-08-22T11:19:46.287] [INFO] 信息 - 请求参数: {}
[2019-08-22T11:19:46.287] [INFO] 信息 - 请求ip: 1
[2019-08-22T11:19:46.288] [INFO] 信息 - 开始请求数据
[2019-08-22T11:19:46.289] [INFO] 信息 - 请求接口:/blueskydc/uat/obt/api/admin/agentinfo
[2019-08-22T11:19:46.385] [INFO] 信息 - 请求数据:{"id":null,"agentid":null,"agentname":"","shortname":"","agentcode":"","iatacode":"","remark":"","officecode":"","available":"","telephone":"","address":"","postcode":"","recordNumber":"","policeRecordNumber":"","policeRecordNumberUrl":"","logourl":"","email":"","cagentid":"","agenttype":"","addressEn":"","telephoneEn":"","machineno":"","inmachineno":"","statisticflag":"","i18nConfig":"N","hasHighLevelTravelAnalysis":"","showFooter":"Y"}
[2019-08-22T11:19:54.648] [INFO] 信息 - *****************************************
[2019-08-22T11:19:54.649] [INFO] 信息 - 开启时间: 2019-08-22 11:19:54
[2019-08-22T11:19:54.650] [INFO] 信息 - *****************************************
[2019-08-22T11:19:55.135] [INFO] 信息 - ------------------------------------------------
[2019-08-22T11:19:55.136] [INFO] 信息 - 请求时间: 2019-08-22 11:19:55
[2019-08-22T11:19:55.136] [INFO] 信息 - 请求地址: /api/test/other
[2019-08-22T11:19:55.136] [INFO] 信息 - 请求参数: {}
[2019-08-22T11:19:55.136] [INFO] 信息 - 请求ip: 1
[2019-08-22T11:19:55.140] [INFO] 信息 - 开始请求数据
[2019-08-22T11:19:55.140] [INFO] 信息 - 请求接口:/blueskydc/uat/obt/api/admin/agentinfo
[2019-08-22T11:19:55.246] [INFO] 信息 - 请求数据:{"id":null,"agentid":null,"agentname":"","shortname":"","agentcode":"","iatacode":"","remark":"","officecode":"","available":"","telephone":"","address":"","postcode":"","recordNumber":"","policeRecordNumber":"","policeRecordNumberUrl":"","logourl":"","email":"","cagentid":"","agenttype":"","addressEn":"","telephoneEn":"","machineno":"","inmachineno":"","statisticflag":"","i18nConfig":"N","hasHighLevelTravelAnalysis":"","showFooter":"Y"}
[2019-08-22T11:22:44.522] [INFO] 信息 - *****************************************
[2019-08-22T11:22:44.523] [INFO] 信息 - 开启时间: 2019-08-22 11:22:44
[2019-08-22T11:22:44.523] [INFO] 信息 - *****************************************
[2019-08-22T11:24:18.784] [INFO] 信息 - *****************************************
[2019-08-22T11:24:18.785] [INFO] 信息 - 开启时间: 2019-08-22 11:24:18
[2019-08-22T11:24:18.785] [INFO] 信息 - *****************************************
[2019-08-22T11:24:34.453] [INFO] 信息 - *****************************************
[2019-08-22T11:24:34.454] [INFO] 信息 - 开启时间: 2019-08-22 11:24:34
[2019-08-22T11:24:34.455] [INFO] 信息 - *****************************************
[2019-08-22T11:25:11.826] [INFO] 信息 - *****************************************
[2019-08-22T11:25:11.827] [INFO] 信息 - 开启时间: 2019-08-22 11:25:11
[2019-08-22T11:25:11.827] [INFO] 信息 - *****************************************
[2019-08-22T11:25:22.183] [INFO] 信息 - *****************************************
[2019-08-22T11:25:22.184] [INFO] 信息 - 开启时间: 2019-08-22 11:25:22
[2019-08-22T11:25:22.184] [INFO] 信息 - *****************************************
[2019-08-22T11:25:25.728] [INFO] 信息 - ------------------------------------------------
[2019-08-22T11:25:25.729] [INFO] 信息 - 请求时间: 2019-08-22 11:25:25
[2019-08-22T11:25:25.729] [INFO] 信息 - 请求地址: /api/test/other
[2019-08-22T11:25:25.729] [INFO] 信息 - 请求参数: {}
[2019-08-22T11:25:25.729] [INFO] 信息 - 请求ip: 1
[2019-08-22T11:25:25.731] [INFO] 信息 - 开始请求数据
[2019-08-22T11:25:25.731] [INFO] 信息 - 请求接口:/blueskydc/uat/obt/api/admin/agentinfo
[2019-08-22T11:25:25.846] [INFO] 信息 - 请求数据:{"id":null,"agentid":null,"agentname":"","shortname":"","agentcode":"","iatacode":"","remark":"","officecode":"","available":"","telephone":"","address":"","postcode":"","recordNumber":"","policeRecordNumber":"","policeRecordNumberUrl":"","logourl":"","email":"","cagentid":"","agenttype":"","addressEn":"","telephoneEn":"","machineno":"","inmachineno":"","statisticflag":"","i18nConfig":"N","hasHighLevelTravelAnalysis":"","showFooter":"Y"}
[2019-08-22T13:28:21.636] [INFO] 信息 - *****************************************
[2019-08-22T13:28:21.637] [INFO] 信息 - 开启时间: 2019-08-22 13:28:21
[2019-08-22T13:28:21.637] [INFO] 信息 - *****************************************
[2019-08-22T13:28:30.669] [INFO] 信息 - ------------------------------------------------
[2019-08-22T13:28:30.670] [INFO] 信息 - 请求时间: 2019-08-22 13:28:30
[2019-08-22T13:28:30.670] [INFO] 信息 - 请求地址: /api/test/getToken
[2019-08-22T13:28:30.670] [INFO] 信息 - 请求参数: {}
[2019-08-22T13:28:30.670] [INFO] 信息 - 请求ip: 1
[2019-08-22T13:28:30.675] [INFO] 信息 - 请求数据[object Promise]
[2019-08-22T13:29:57.827] [INFO] 信息 - *****************************************
[2019-08-22T13:29:57.828] [INFO] 信息 - 开启时间: 2019-08-22 13:29:57
[2019-08-22T13:29:57.828] [INFO] 信息 - *****************************************
[2019-08-22T13:30:01.282] [INFO] 信息 - ------------------------------------------------
[2019-08-22T13:30:01.282] [INFO] 信息 - 请求时间: 2019-08-22 13:30:1
[2019-08-22T13:30:01.283] [INFO] 信息 - 请求地址: /api/test/getToken
[2019-08-22T13:30:01.283] [INFO] 信息 - 请求参数: {}
[2019-08-22T13:30:01.283] [INFO] 信息 - 请求ip: 1
[2019-08-22T13:30:01.287] [INFO] 信息 - 请求数据[object Promise]
[2019-08-22T13:30:16.492] [INFO] 信息 - *****************************************
[2019-08-22T13:30:16.493] [INFO] 信息 - 开启时间: 2019-08-22 13:30:16
[2019-08-22T13:30:16.493] [INFO] 信息 - *****************************************
[2019-08-22T13:30:18.271] [INFO] 信息 - ------------------------------------------------
[2019-08-22T13:30:18.272] [INFO] 信息 - 请求时间: 2019-08-22 13:30:18
[2019-08-22T13:30:18.272] [INFO] 信息 - 请求地址: /api/test/getToken
[2019-08-22T13:30:18.272] [INFO] 信息 - 请求参数: {}
[2019-08-22T13:30:18.272] [INFO] 信息 - 请求ip: 1
[2019-08-22T13:30:18.277] [INFO] 信息 - 请求数据[object Promise]
[2019-08-22T13:31:42.006] [INFO] 信息 - *****************************************
[2019-08-22T13:31:42.007] [INFO] 信息 - 开启时间: 2019-08-22 13:31:42
[2019-08-22T13:31:42.007] [INFO] 信息 - *****************************************
[2019-08-22T13:31:44.828] [INFO] 信息 - ------------------------------------------------
[2019-08-22T13:31:44.828] [INFO] 信息 - 请求时间: 2019-08-22 13:31:44
[2019-08-22T13:31:44.828] [INFO] 信息 - 请求地址: /api/test/getToken
[2019-08-22T13:31:44.828] [INFO] 信息 - 请求参数: {}
[2019-08-22T13:31:44.828] [INFO] 信息 - 请求ip: 1
[2019-08-22T13:31:44.833] [INFO] 信息 - 请求数据[object Promise]
[2019-08-22T13:32:29.925] [INFO] 信息 - *****************************************
[2019-08-22T13:32:29.927] [INFO] 信息 - 开启时间: 2019-08-22 13:32:29
[2019-08-22T13:32:29.927] [INFO] 信息 - *****************************************
[2019-08-22T13:32:31.189] [INFO] 信息 - ------------------------------------------------
[2019-08-22T13:32:31.190] [INFO] 信息 - 请求时间: 2019-08-22 13:32:31
[2019-08-22T13:32:31.190] [INFO] 信息 - 请求地址: /api/test/getToken
[2019-08-22T13:32:31.190] [INFO] 信息 - 请求参数: {}
[2019-08-22T13:32:31.190] [INFO] 信息 - 请求ip: 1
[2019-08-22T13:32:31.195] [INFO] 信息 - 请求数据[object Promise]
[2019-08-22T13:32:55.741] [INFO] 信息 - *****************************************
[2019-08-22T13:32:55.742] [INFO] 信息 - 开启时间: 2019-08-22 13:32:55
[2019-08-22T13:32:55.742] [INFO] 信息 - *****************************************
[2019-08-22T13:32:56.740] [INFO] 信息 - ------------------------------------------------
[2019-08-22T13:32:56.740] [INFO] 信息 - 请求时间: 2019-08-22 13:32:56
[2019-08-22T13:32:56.740] [INFO] 信息 - 请求地址: /api/test/getToken
[2019-08-22T13:32:56.740] [INFO] 信息 - 请求参数: {}
[2019-08-22T13:32:56.741] [INFO] 信息 - 请求ip: 1
[2019-08-22T13:32:56.824] [INFO] 信息 - 请求数据{"serviceCodeName":"SINOCHEMTEST","code":0,"success":true,"token":"2156645197681224","message":"成功"}
[2019-08-22T13:33:19.935] [INFO] 信息 - *****************************************
[2019-08-22T13:33:19.936] [INFO] 信息 - 开启时间: 2019-08-22 13:33:19
[2019-08-22T13:33:19.936] [INFO] 信息 - *****************************************
[2019-08-22T13:33:21.100] [INFO] 信息 - ------------------------------------------------
[2019-08-22T13:33:21.100] [INFO] 信息 - 请求时间: 2019-08-22 13:33:21
[2019-08-22T13:33:21.100] [INFO] 信息 - 请求地址: /api/test/getToken
[2019-08-22T13:33:21.100] [INFO] 信息 - 请求参数: {}
[2019-08-22T13:33:21.100] [INFO] 信息 - 请求ip: 1
[2019-08-22T13:33:21.160] [INFO] 信息 - 请求数据{"serviceCodeName":"SINOCHEMTEST","code":0,"success":true,"token":"2156645200114924","message":"成功"}
[2019-08-22T13:33:40.283] [INFO] 信息 - *****************************************
[2019-08-22T13:33:40.284] [INFO] 信息 - 开启时间: 2019-08-22 13:33:40
[2019-08-22T13:33:40.284] [INFO] 信息 - *****************************************
[2019-08-22T13:33:41.600] [INFO] 信息 - ------------------------------------------------
[2019-08-22T13:33:41.601] [INFO] 信息 - 请求时间: 2019-08-22 13:33:41
[2019-08-22T13:33:41.601] [INFO] 信息 - 请求地址: /api/test/getToken
[2019-08-22T13:33:41.601] [INFO] 信息 - 请求参数: {}
[2019-08-22T13:33:41.602] [INFO] 信息 - 请求ip: 1
[2019-08-22T13:33:41.686] [INFO] 信息 - 请求数据[object Object]
[2019-08-22T13:33:55.673] [INFO] 信息 - *****************************************
[2019-08-22T13:33:55.674] [INFO] 信息 - 开启时间: 2019-08-22 13:33:55
[2019-08-22T13:33:55.674] [INFO] 信息 - *****************************************
[2019-08-22T13:34:08.475] [INFO] 信息 - *****************************************
[2019-08-22T13:34:08.476] [INFO] 信息 - 开启时间: 2019-08-22 13:34:8
[2019-08-22T13:34:08.476] [INFO] 信息 - *****************************************
[2019-08-22T13:35:12.625] [INFO] 信息 - *****************************************
[2019-08-22T13:35:12.627] [INFO] 信息 - 开启时间: 2019-08-22 13:35:12
[2019-08-22T13:35:12.627] [INFO] 信息 - *****************************************
[2019-08-22T13:35:13.930] [INFO] 信息 - ------------------------------------------------
[2019-08-22T13:35:13.930] [INFO] 信息 - 请求时间: 2019-08-22 13:35:13
[2019-08-22T13:35:13.930] [INFO] 信息 - 请求地址: /api/test/getToken
[2019-08-22T13:35:13.930] [INFO] 信息 - 请求参数: {}
[2019-08-22T13:35:13.930] [INFO] 信息 - 请求ip: 1
[2019-08-22T13:35:13.994] [INFO] 信息 - 请求数据[object Object]
[2019-08-22T13:36:08.466] [INFO] 信息 - *****************************************
[2019-08-22T13:36:08.468] [INFO] 信息 - 开启时间: 2019-08-22 13:36:8
[2019-08-22T13:36:08.468] [INFO] 信息 - *****************************************
[2019-08-22T13:36:10.678] [INFO] 信息 - ------------------------------------------------
[2019-08-22T13:36:10.678] [INFO] 信息 - 请求时间: 2019-08-22 13:36:10
[2019-08-22T13:36:10.678] [INFO] 信息 - 请求地址: /api/test/getToken
[2019-08-22T13:36:10.678] [INFO] 信息 - 请求参数: {}
[2019-08-22T13:36:10.679] [INFO] 信息 - 请求ip: 1
[2019-08-22T13:36:10.751] [INFO] 信息 - 请求数据{"serviceCodeName":"SINOCHEMTEST","code":0,"success":true,"token":"2156645217074024","message":"成功"}
[2019-08-22T13:36:31.969] [INFO] 信息 - *****************************************
[2019-08-22T13:36:31.970] [INFO] 信息 - 开启时间: 2019-08-22 13:36:31
[2019-08-22T13:36:31.970] [INFO] 信息 - *****************************************
[2019-08-22T13:36:33.059] [INFO] 信息 - ------------------------------------------------
[2019-08-22T13:36:33.059] [INFO] 信息 - 请求时间: 2019-08-22 13:36:33
[2019-08-22T13:36:33.059] [INFO] 信息 - 请求地址: /api/test/getToken
[2019-08-22T13:36:33.059] [INFO] 信息 - 请求参数: {}
[2019-08-22T13:36:33.060] [INFO] 信息 - 请求ip: 1
[2019-08-22T13:36:33.061] [INFO] 信息 - 开始请求数据
[2019-08-22T13:36:33.061] [INFO] 信息 - 请求接口:/blueskydc/uat/obt/api/admin/oa/login/getToken
[2019-08-22T13:36:33.145] [INFO] 信息 - 请求数据{"serviceCodeName":"SINOCHEMTEST","code":0,"success":true,"token":"2156645219313124","message":"成功"}
[2019-08-22T13:36:38.646] [INFO] 信息 - *****************************************
[2019-08-22T13:36:38.647] [INFO] 信息 - 开启时间: 2019-08-22 13:36:38
[2019-08-22T13:36:38.647] [INFO] 信息 - *****************************************
[2019-08-22T13:36:50.098] [INFO] 信息 - *****************************************
[2019-08-22T13:36:50.099] [INFO] 信息 - 开启时间: 2019-08-22 13:36:50
[2019-08-22T13:36:50.099] [INFO] 信息 - *****************************************
[2019-08-22T13:36:51.530] [INFO] 信息 - ------------------------------------------------
[2019-08-22T13:36:51.531] [INFO] 信息 - 请求时间: 2019-08-22 13:36:51
[2019-08-22T13:36:51.531] [INFO] 信息 - 请求地址: /api/test/getToken
[2019-08-22T13:36:51.531] [INFO] 信息 - 请求参数: {}
[2019-08-22T13:36:51.531] [INFO] 信息 - 请求ip: 1
[2019-08-22T13:36:51.533] [INFO] 信息 - 开始请求数据
[2019-08-22T13:36:51.533] [INFO] 信息 - 请求接口:/blueskydc/uat/obt/api/admin/oa/login/getToken
[2019-08-22T13:36:51.616] [INFO] 信息 - 请求完成 获取数据:{"serviceCodeName":"SINOCHEMTEST","code":0,"success":true,"token":"2156645221160324","message":"成功"}
[2019-08-22T13:37:06.426] [INFO] 信息 - *****************************************
[2019-08-22T13:37:06.427] [INFO] 信息 - 开启时间: 2019-08-22 13:37:6
[2019-08-22T13:37:06.427] [INFO] 信息 - *****************************************
[2019-08-22T13:37:07.589] [INFO] 信息 - ------------------------------------------------
[2019-08-22T13:37:07.589] [INFO] 信息 - 请求时间: 2019-08-22 13:37:7
[2019-08-22T13:37:07.589] [INFO] 信息 - 请求地址: /api/test/getToken
[2019-08-22T13:37:07.589] [INFO] 信息 - 请求参数: {}
[2019-08-22T13:37:07.590] [INFO] 信息 - 请求ip: 1
[2019-08-22T13:37:07.591] [INFO] 信息 - 开始请求数据
[2019-08-22T13:37:07.591] [INFO] 信息 - 请求接口:/blueskydc/uat/obt/api/admin/oa/login/getToken
[2019-08-22T13:37:07.673] [INFO] 信息 - 请求完成 获取数据:
[2019-08-22T13:37:07.673] [INFO] 信息 - {"serviceCodeName":"SINOCHEMTEST","code":0,"success":true,"token":"2156645222765224","message":"成功"}
[2019-08-22T13:39:14.839] [INFO] 信息 - *****************************************
[2019-08-22T13:39:14.840] [INFO] 信息 - 开启时间: 2019-08-22 13:39:14
[2019-08-22T13:39:14.840] [INFO] 信息 - *****************************************
[2019-08-22T13:45:59.921] [INFO] 信息 - *****************************************
[2019-08-22T13:45:59.922] [INFO] 信息 - 开启时间: 2019-08-22 13:45:59
[2019-08-22T13:45:59.922] [INFO] 信息 - *****************************************
[2019-08-22T13:52:45.134] [INFO] 信息 - *****************************************
[2019-08-22T13:52:45.136] [INFO] 信息 - 开启时间: 2019-08-22 13:52:45
[2019-08-22T13:52:45.136] [INFO] 信息 - *****************************************
[2019-08-22T13:53:04.201] [INFO] 信息 - ------------------------------------------------
[2019-08-22T13:53:04.201] [INFO] 信息 - 请求时间: 2019-08-22 13:53:4
[2019-08-22T13:53:04.201] [INFO] 信息 - 请求地址: /api/test/getToken
[2019-08-22T13:53:04.201] [INFO] 信息 - 请求参数: {}
[2019-08-22T13:53:04.202] [INFO] 信息 - 请求ip: 1
[2019-08-22T13:53:04.204] [INFO] 信息 - 开始请求数据
[2019-08-22T13:53:04.204] [INFO] 信息 - 请求接口:/blueskydc/uat/obt/api/admin/oa/login/getToken
[2019-08-22T13:53:04.325] [INFO] 信息 - 请求完成 获取数据:
[2019-08-22T13:53:04.326] [INFO] 信息 - {"serviceCodeName":"SINOCHEMTEST","code":0,"success":true,"token":"2156645318430424","message":"成功"}
[2019-08-22T13:53:52.764] [INFO] 信息 - *****************************************
[2019-08-22T13:53:52.766] [INFO] 信息 - 开启时间: 2019-08-22 13:53:52
[2019-08-22T13:53:52.766] [INFO] 信息 - *****************************************
[2019-08-22T13:53:54.459] [INFO] 信息 - ------------------------------------------------
[2019-08-22T13:53:54.460] [INFO] 信息 - 请求时间: 2019-08-22 13:53:54
[2019-08-22T13:53:54.460] [INFO] 信息 - 请求地址: /api/test/other
[2019-08-22T13:53:54.460] [INFO] 信息 - 请求参数: {}
[2019-08-22T13:53:54.461] [INFO] 信息 - 请求ip: 1
[2019-08-22T13:53:55.044] [INFO] 信息 - ------------------------------------------------
[2019-08-22T13:53:55.045] [INFO] 信息 - 请求时间: 2019-08-22 13:53:55
[2019-08-22T13:53:55.045] [INFO] 信息 - 请求地址: /api/test/other
[2019-08-22T13:53:55.045] [INFO] 信息 - 请求参数: {}
[2019-08-22T13:53:55.045] [INFO] 信息 - 请求ip: 1
[2019-08-22T13:55:02.768] [INFO] 信息 - ------------------------------------------------
[2019-08-22T13:55:02.768] [INFO] 信息 - 请求时间: 2019-08-22 13:55:2
[2019-08-22T13:55:02.768] [INFO] 信息 - 请求地址: /api/test/other
[2019-08-22T13:55:02.768] [INFO] 信息 - 请求参数: {}
[2019-08-22T13:55:02.769] [INFO] 信息 - 请求ip: 1
[2019-08-22T13:55:25.413] [INFO] 信息 - ------------------------------------------------
[2019-08-22T13:55:25.413] [INFO] 信息 - 请求时间: 2019-08-22 13:55:25
[2019-08-22T13:55:25.413] [INFO] 信息 - 请求地址: /api/test/other
[2019-08-22T13:55:25.413] [INFO] 信息 - 请求参数: {}
[2019-08-22T13:55:25.413] [INFO] 信息 - 请求ip: 1
[2019-08-22T13:55:34.667] [INFO] 信息 - *****************************************
[2019-08-22T13:55:34.672] [INFO] 信息 - 开启时间: 2019-08-22 13:55:34
[2019-08-22T13:55:34.672] [INFO] 信息 - *****************************************
[2019-08-22T13:55:35.543] [INFO] 信息 - ------------------------------------------------
[2019-08-22T13:55:35.543] [INFO] 信息 - 请求时间: 2019-08-22 13:55:35
[2019-08-22T13:55:35.543] [INFO] 信息 - 请求地址: /api/test/other
[2019-08-22T13:55:35.543] [INFO] 信息 - 请求参数: {}
[2019-08-22T13:55:35.543] [INFO] 信息 - 请求ip: 1
[2019-08-22T13:55:37.414] [INFO] 信息 - *****************************************
[2019-08-22T13:55:37.415] [INFO] 信息 - 开启时间: 2019-08-22 13:55:37
[2019-08-22T13:55:37.415] [INFO] 信息 - *****************************************
[2019-08-22T13:55:42.350] [INFO] 信息 - *****************************************
[2019-08-22T13:55:42.351] [INFO] 信息 - 开启时间: 2019-08-22 13:55:42
[2019-08-22T13:55:42.352] [INFO] 信息 - *****************************************
[2019-08-22T13:55:47.131] [INFO] 信息 - ------------------------------------------------
[2019-08-22T13:55:47.131] [INFO] 信息 - 请求时间: 2019-08-22 13:55:47
[2019-08-22T13:55:47.131] [INFO] 信息 - 请求地址: /api/test/other
[2019-08-22T13:55:47.131] [INFO] 信息 - 请求参数: {}
[2019-08-22T13:55:47.132] [INFO] 信息 - 请求ip: 1
[2019-08-22T13:55:47.134] [INFO] 信息 - 开始请求数据
[2019-08-22T13:55:47.135] [INFO] 信息 - 请求接口:/blueskydc/uat/obt/api/admin/agentinfo
[2019-08-22T13:56:38.688] [INFO] 信息 - *****************************************
[2019-08-22T13:56:38.689] [INFO] 信息 - 开启时间: 2019-08-22 13:56:38
[2019-08-22T13:56:38.689] [INFO] 信息 - *****************************************
[2019-08-22T13:56:46.404] [INFO] 信息 - ------------------------------------------------
[2019-08-22T13:56:46.405] [INFO] 信息 - 请求时间: 2019-08-22 13:56:46
[2019-08-22T13:56:46.405] [INFO] 信息 - 请求地址: /api/test/other
[2019-08-22T13:56:46.405] [INFO] 信息 - 请求参数: {}
[2019-08-22T13:56:46.405] [INFO] 信息 - 请求ip: 1
[2019-08-22T13:56:46.407] [INFO] 信息 - 开始请求数据
[2019-08-22T13:56:46.408] [INFO] 信息 - 请求接口:/blueskydc/uat/obt/api/admin/agentinfo
[2019-08-22T13:56:46.508] [INFO] 信息 - 请求数据:"<!DOCTYPE HTML PUBLIC \"-//IETF//DTD HTML 2.0//EN\">\n<html><head>\n<title>400 Bad Request</title>\n</head><body>\n<h1>Bad Request</h1>\n<p>Your browser sent a request that this server could not understand.<br />\n</p>\n</body></html>\n"
[2019-08-22T13:58:39.704] [INFO] 信息 - *****************************************
[2019-08-22T13:58:39.706] [INFO] 信息 - 开启时间: 2019-08-22 13:58:39
[2019-08-22T13:58:39.706] [INFO] 信息 - *****************************************
[2019-08-22T13:58:43.283] [INFO] 信息 - *****************************************
[2019-08-22T13:58:43.284] [INFO] 信息 - 开启时间: 2019-08-22 13:58:43
[2019-08-22T13:58:43.285] [INFO] 信息 - *****************************************
[2019-08-22T13:58:44.367] [INFO] 信息 - ------------------------------------------------
[2019-08-22T13:58:44.368] [INFO] 信息 - 请求时间: 2019-08-22 13:58:44
[2019-08-22T13:58:44.368] [INFO] 信息 - 请求地址: /api/test/other
[2019-08-22T13:58:44.368] [INFO] 信息 - 请求参数: {}
[2019-08-22T13:58:44.368] [INFO] 信息 - 请求ip: 1
[2019-08-22T13:58:44.370] [INFO] 信息 - 开始请求数据
[2019-08-22T13:58:44.370] [INFO] 信息 - 请求接口:/blueskydc/uat/obt/api/admin/agentinfo
[2019-08-22T13:58:44.450] [INFO] 信息 - 请求数据:"<!DOCTYPE HTML PUBLIC \"-//IETF//DTD HTML 2.0//EN\">\n<html><head>\n<title>400 Bad Request</title>\n</head><body>\n<h1>Bad Request</h1>\n<p>Your browser sent a request that this server could not understand.<br />\n</p>\n</body></html>\n"
[2019-08-22T13:58:54.706] [INFO] 信息 - *****************************************
[2019-08-22T13:58:54.707] [INFO] 信息 - 开启时间: 2019-08-22 13:58:54
[2019-08-22T13:58:54.707] [INFO] 信息 - *****************************************
[2019-08-22T13:58:56.004] [INFO] 信息 - ------------------------------------------------
[2019-08-22T13:58:56.004] [INFO] 信息 - 请求时间: 2019-08-22 13:58:56
[2019-08-22T13:58:56.004] [INFO] 信息 - 请求地址: /api/test/other
[2019-08-22T13:58:56.004] [INFO] 信息 - 请求参数: {}
[2019-08-22T13:58:56.005] [INFO] 信息 - 请求ip: 1
[2019-08-22T13:58:56.007] [INFO] 信息 - 开始请求数据
[2019-08-22T13:58:56.007] [INFO] 信息 - 请求接口:/blueskydc/uat/obt/api/admin/agentinfo
[2019-08-22T14:00:56.925] [INFO] 信息 - *****************************************
[2019-08-22T14:00:56.927] [INFO] 信息 - 开启时间: 2019-08-22 14:00:56
[2019-08-22T14:00:56.927] [INFO] 信息 - *****************************************
[2019-08-22T14:01:03.861] [INFO] 信息 - *****************************************
[2019-08-22T14:01:03.862] [INFO] 信息 - 开启时间: 2019-08-22 14:01:3
[2019-08-22T14:01:03.862] [INFO] 信息 - *****************************************
[2019-08-22T14:01:07.679] [INFO] 信息 - *****************************************
[2019-08-22T14:01:07.680] [INFO] 信息 - 开启时间: 2019-08-22 14:01:7
[2019-08-22T14:01:07.680] [INFO] 信息 - *****************************************
[2019-08-22T14:01:14.855] [INFO] 信息 - *****************************************
[2019-08-22T14:01:14.856] [INFO] 信息 - 开启时间: 2019-08-22 14:01:14
[2019-08-22T14:01:14.856] [INFO] 信息 - *****************************************
[2019-08-22T14:01:39.341] [INFO] 信息 - *****************************************
[2019-08-22T14:01:39.343] [INFO] 信息 - 开启时间: 2019-08-22 14:01:39
[2019-08-22T14:01:39.343] [INFO] 信息 - *****************************************
[2019-08-22T14:01:41.683] [INFO] 信息 - ------------------------------------------------
[2019-08-22T14:01:41.684] [INFO] 信息 - 请求时间: 2019-08-22 14:01:41
[2019-08-22T14:01:41.684] [INFO] 信息 - 请求地址: /api/test/other
[2019-08-22T14:01:41.684] [INFO] 信息 - 请求参数: {}
[2019-08-22T14:01:41.684] [INFO] 信息 - 请求ip: 1
[2019-08-22T14:01:41.686] [INFO] 信息 - 开始请求数据
[2019-08-22T14:01:41.686] [INFO] 信息 - 请求接口:/blueskydc/uat/obt/api/admin/agentinfo
[2019-08-22T14:02:13.779] [INFO] 信息 - ------------------------------------------------
[2019-08-22T14:02:13.779] [INFO] 信息 - 请求时间: 2019-08-22 14:02:13
[2019-08-22T14:02:13.780] [INFO] 信息 - 请求地址: /api/test/other
[2019-08-22T14:02:13.780] [INFO] 信息 - 请求参数: {}
[2019-08-22T14:02:13.780] [INFO] 信息 - 请求ip: 1
[2019-08-22T14:02:13.780] [INFO] 信息 - 开始请求数据
[2019-08-22T14:02:13.780] [INFO] 信息 - 请求接口:/blueskydc/uat/obt/api/admin/agentinfo
[2019-08-22T14:03:51.784] [INFO] 信息 - *****************************************
[2019-08-22T14:03:51.785] [INFO] 信息 - 开启时间: 2019-08-22 14:03:51
[2019-08-22T14:03:51.785] [INFO] 信息 - *****************************************
[2019-08-22T14:04:10.840] [INFO] 信息 - *****************************************
[2019-08-22T14:04:10.842] [INFO] 信息 - 开启时间: 2019-08-22 14:04:10
[2019-08-22T14:04:10.842] [INFO] 信息 - *****************************************
[2019-08-22T14:04:16.059] [INFO] 信息 - ------------------------------------------------
[2019-08-22T14:04:16.059] [INFO] 信息 - 请求时间: 2019-08-22 14:04:16
[2019-08-22T14:04:16.059] [INFO] 信息 - 请求地址: /api/test/other
[2019-08-22T14:04:16.059] [INFO] 信息 - 请求参数: {}
[2019-08-22T14:04:16.060] [INFO] 信息 - 请求ip: 1
[2019-08-22T14:04:16.062] [INFO] 信息 - 开始请求数据
[2019-08-22T14:04:16.063] [INFO] 信息 - 请求接口:/obt/wxobt/api/admin/agentinfo
[2019-08-22T14:04:48.868] [INFO] 信息 - *****************************************
[2019-08-22T14:04:48.869] [INFO] 信息 - 开启时间: 2019-08-22 14:04:48
[2019-08-22T14:04:48.869] [INFO] 信息 - *****************************************
[2019-08-22T14:04:49.853] [INFO] 信息 - ------------------------------------------------
[2019-08-22T14:04:49.854] [INFO] 信息 - 请求时间: 2019-08-22 14:04:49
[2019-08-22T14:04:49.854] [INFO] 信息 - 请求地址: /api/test/other
[2019-08-22T14:04:49.854] [INFO] 信息 - 请求参数: {}
[2019-08-22T14:04:49.855] [INFO] 信息 - 请求ip: 1
[2019-08-22T14:04:49.858] [INFO] 信息 - 开始请求数据
[2019-08-22T14:04:49.859] [INFO] 信息 - 请求接口:/obt/wxobt/api/admin/agentinfo
[2019-08-22T14:04:49.911] [INFO] 信息 - 请求数据:{"id":null,"agentid":null,"agentname":"","shortname":"","agentcode":"","iatacode":"","remark":"","officecode":"","available":"","telephone":"","address":"","postcode":"","recordNumber":"","policeRecordNumber":"","policeRecordNumberUrl":"","logourl":"","email":"","cagentid":"","agenttype":"","addressEn":"","telephoneEn":"","machineno":"","inmachineno":"","statisticflag":"","i18nConfig":"N","hasHighLevelTravelAnalysis":"","showFooter":"Y"}
[2019-08-22T14:05:43.051] [INFO] 信息 - ------------------------------------------------
[2019-08-22T14:05:43.051] [INFO] 信息 - 请求时间: 2019-08-22 14:05:43
[2019-08-22T14:05:43.051] [INFO] 信息 - 请求地址: /api/test/getToken
[2019-08-22T14:05:43.051] [INFO] 信息 - 请求参数: {}
[2019-08-22T14:05:43.051] [INFO] 信息 - 请求ip: 1
[2019-08-22T14:05:43.052] [INFO] 信息 - 开始请求数据
[2019-08-22T14:05:43.052] [INFO] 信息 - 请求接口:/blueskydc/uat/obt/api/admin/oa/login/getToken
[2019-08-22T14:06:13.924] [INFO] 信息 - *****************************************
[2019-08-22T14:06:13.926] [INFO] 信息 - 开启时间: 2019-08-22 14:06:13
[2019-08-22T14:06:13.926] [INFO] 信息 - *****************************************
[2019-08-22T14:06:16.134] [INFO] 信息 - ------------------------------------------------
[2019-08-22T14:06:16.140] [INFO] 信息 - 请求时间: 2019-08-22 14:06:16
[2019-08-22T14:06:16.140] [INFO] 信息 - 请求地址: /api/test/getToken
[2019-08-22T14:06:16.140] [INFO] 信息 - 请求参数: {}
[2019-08-22T14:06:16.141] [INFO] 信息 - 请求ip: 1
[2019-08-22T14:06:16.142] [INFO] 信息 - 开始请求数据
[2019-08-22T14:06:16.143] [INFO] 信息 - 请求接口:/blueskydc/uat/obt/api/admin/oa/login/getToken
[2019-08-22T14:06:55.461] [INFO] 信息 - *****************************************
[2019-08-22T14:06:55.462] [INFO] 信息 - 开启时间: 2019-08-22 14:06:55
[2019-08-22T14:06:55.463] [INFO] 信息 - *****************************************
[2019-08-22T14:06:56.423] [INFO] 信息 - ------------------------------------------------
[2019-08-22T14:06:56.424] [INFO] 信息 - 请求时间: 2019-08-22 14:06:56
[2019-08-22T14:06:56.424] [INFO] 信息 - 请求地址: /api/test/getToken
[2019-08-22T14:06:56.424] [INFO] 信息 - 请求参数: {}
[2019-08-22T14:06:56.424] [INFO] 信息 - 请求ip: 1
[2019-08-22T14:06:56.426] [INFO] 信息 - 开始请求数据
[2019-08-22T14:06:56.427] [INFO] 信息 - 请求接口:/blueskydc/uat/obt/api/admin/oa/login/getToken
[2019-08-22T14:06:56.470] [INFO] 信息 - 请求完成 获取数据:
[2019-08-22T14:06:56.470] [INFO] 信息 - {"serviceCodeName":"SINOCHEMTEST","code":0,"success":true,"token":"2156645401645924","message":"成功"}
[2019-08-22T14:06:59.817] [INFO] 信息 - ------------------------------------------------
[2019-08-22T14:06:59.817] [INFO] 信息 - 请求时间: 2019-08-22 14:06:59
[2019-08-22T14:06:59.817] [INFO] 信息 - 请求地址: /api/test/other
[2019-08-22T14:06:59.817] [INFO] 信息 - 请求参数: {}
[2019-08-22T14:06:59.817] [INFO] 信息 - 请求ip: 1
[2019-08-22T14:06:59.818] [INFO] 信息 - 开始请求数据
[2019-08-22T14:06:59.818] [INFO] 信息 - 请求接口:/obt/wxobt/api/admin/agentinfo
[2019-08-22T14:07:00.614] [INFO] 信息 - ------------------------------------------------
[2019-08-22T14:07:00.615] [INFO] 信息 - 请求时间: 2019-08-22 14:07:0
[2019-08-22T14:07:00.615] [INFO] 信息 - 请求地址: /api/test/other
[2019-08-22T14:07:00.615] [INFO] 信息 - 请求参数: {}
[2019-08-22T14:07:00.615] [INFO] 信息 - 请求ip: 1
[2019-08-22T14:07:00.615] [INFO] 信息 - 开始请求数据
[2019-08-22T14:07:00.615] [INFO] 信息 - 请求接口:/obt/wxobt/api/admin/agentinfo
[2019-08-22T14:07:05.003] [INFO] 信息 - ------------------------------------------------
[2019-08-22T14:07:05.004] [INFO] 信息 - 请求时间: 2019-08-22 14:07:5
[2019-08-22T14:07:05.004] [INFO] 信息 - 请求地址: /api/test/other
[2019-08-22T14:07:05.004] [INFO] 信息 - 请求参数: {}
[2019-08-22T14:07:05.004] [INFO] 信息 - 请求ip: 1
[2019-08-22T14:07:05.004] [INFO] 信息 - 开始请求数据
[2019-08-22T14:07:05.004] [INFO] 信息 - 请求接口:/obt/wxobt/api/admin/agentinfo
[2019-08-22T14:07:21.709] [INFO] 信息 - *****************************************
[2019-08-22T14:07:21.710] [INFO] 信息 - 开启时间: 2019-08-22 14:07:21
[2019-08-22T14:07:21.710] [INFO] 信息 - *****************************************
[2019-08-22T14:07:22.179] [INFO] 信息 - ------------------------------------------------
[2019-08-22T14:07:22.179] [INFO] 信息 - 请求时间: 2019-08-22 14:07:22
[2019-08-22T14:07:22.181] [INFO] 信息 - 请求地址: /api/test/other
[2019-08-22T14:07:22.181] [INFO] 信息 - 请求参数: {}
[2019-08-22T14:07:22.189] [INFO] 信息 - 请求ip: 1
[2019-08-22T14:07:22.193] [INFO] 信息 - 开始请求数据
[2019-08-22T14:07:22.195] [INFO] 信息 - 请求接口:/obt/wxobt/api/admin/agentinfo
[2019-08-22T14:07:22.272] [INFO] 信息 - 请求数据:{"id":null,"agentid":null,"agentname":"","shortname":"","agentcode":"","iatacode":"","remark":"","officecode":"","available":"","telephone":"","address":"","postcode":"","recordNumber":"","policeRecordNumber":"","policeRecordNumberUrl":"","logourl":"","email":"","cagentid":"","agenttype":"","addressEn":"","telephoneEn":"","machineno":"","inmachineno":"","statisticflag":"","i18nConfig":"N","hasHighLevelTravelAnalysis":"","showFooter":"Y"}
[2019-08-22T14:07:28.623] [INFO] 信息 - *****************************************
[2019-08-22T14:07:28.624] [INFO] 信息 - 开启时间: 2019-08-22 14:07:28
[2019-08-22T14:07:28.624] [INFO] 信息 - *****************************************
[2019-08-22T14:07:28.924] [INFO] 信息 - ------------------------------------------------
[2019-08-22T14:07:28.925] [INFO] 信息 - 请求时间: 2019-08-22 14:07:28
[2019-08-22T14:07:28.925] [INFO] 信息 - 请求地址: /api/test/other
[2019-08-22T14:07:28.925] [INFO] 信息 - 请求参数: {}
[2019-08-22T14:07:28.925] [INFO] 信息 - 请求ip: 1
[2019-08-22T14:07:28.930] [INFO] 信息 - 开始请求数据
[2019-08-22T14:07:28.936] [INFO] 信息 - 请求接口:/obt/wxobt/api/admin/agentinfo
[2019-08-22T14:07:28.973] [INFO] 信息 - 请求数据:{"id":null,"agentid":null,"agentname":"","shortname":"","agentcode":"","iatacode":"","remark":"","officecode":"","available":"","telephone":"","address":"","postcode":"","recordNumber":"","policeRecordNumber":"","policeRecordNumberUrl":"","logourl":"","email":"","cagentid":"","agenttype":"","addressEn":"","telephoneEn":"","machineno":"","inmachineno":"","statisticflag":"","i18nConfig":"N","hasHighLevelTravelAnalysis":"","showFooter":"Y"}
[2019-08-22T14:07:29.788] [INFO] 信息 - ------------------------------------------------
[2019-08-22T14:07:29.788] [INFO] 信息 - 请求时间: 2019-08-22 14:07:29
[2019-08-22T14:07:29.788] [INFO] 信息 - 请求地址: /api/test/other
[2019-08-22T14:07:29.788] [INFO] 信息 - 请求参数: {}
[2019-08-22T14:07:29.788] [INFO] 信息 - 请求ip: 1
[2019-08-22T14:07:29.789] [INFO] 信息 - 开始请求数据
[2019-08-22T14:07:29.789] [INFO] 信息 - 请求接口:/obt/wxobt/api/admin/agentinfo
[2019-08-22T14:07:29.828] [INFO] 信息 - 请求数据:{"id":null,"agentid":null,"agentname":"","shortname":"","agentcode":"","iatacode":"","remark":"","officecode":"","available":"","telephone":"","address":"","postcode":"","recordNumber":"","policeRecordNumber":"","policeRecordNumberUrl":"","logourl":"","email":"","cagentid":"","agenttype":"","addressEn":"","telephoneEn":"","machineno":"","inmachineno":"","statisticflag":"","i18nConfig":"N","hasHighLevelTravelAnalysis":"","showFooter":"Y"}
[2019-08-22T14:07:30.454] [INFO] 信息 - ------------------------------------------------
[2019-08-22T14:07:30.455] [INFO] 信息 - 请求时间: 2019-08-22 14:07:30
[2019-08-22T14:07:30.455] [INFO] 信息 - 请求地址: /api/test/other
[2019-08-22T14:07:30.455] [INFO] 信息 - 请求参数: {}
[2019-08-22T14:07:30.455] [INFO] 信息 - 请求ip: 1
[2019-08-22T14:07:30.455] [INFO] 信息 - 开始请求数据
[2019-08-22T14:07:30.455] [INFO] 信息 - 请求接口:/obt/wxobt/api/admin/agentinfo
[2019-08-22T14:07:30.489] [INFO] 信息 - 请求数据:{"id":null,"agentid":null,"agentname":"","shortname":"","agentcode":"","iatacode":"","remark":"","officecode":"","available":"","telephone":"","address":"","postcode":"","recordNumber":"","policeRecordNumber":"","policeRecordNumberUrl":"","logourl":"","email":"","cagentid":"","agenttype":"","addressEn":"","telephoneEn":"","machineno":"","inmachineno":"","statisticflag":"","i18nConfig":"N","hasHighLevelTravelAnalysis":"","showFooter":"Y"}
[2019-08-22T14:07:31.074] [INFO] 信息 - ------------------------------------------------
[2019-08-22T14:07:31.074] [INFO] 信息 - 请求时间: 2019-08-22 14:07:31
[2019-08-22T14:07:31.075] [INFO] 信息 - 请求地址: /api/test/other
[2019-08-22T14:07:31.075] [INFO] 信息 - 请求参数: {}
[2019-08-22T14:07:31.075] [INFO] 信息 - 请求ip: 1
[2019-08-22T14:07:31.075] [INFO] 信息 - 开始请求数据
[2019-08-22T14:07:31.075] [INFO] 信息 - 请求接口:/obt/wxobt/api/admin/agentinfo
[2019-08-22T14:07:31.099] [INFO] 信息 - 请求数据:{"id":null,"agentid":null,"agentname":"","shortname":"","agentcode":"","iatacode":"","remark":"","officecode":"","available":"","telephone":"","address":"","postcode":"","recordNumber":"","policeRecordNumber":"","policeRecordNumberUrl":"","logourl":"","email":"","cagentid":"","agenttype":"","addressEn":"","telephoneEn":"","machineno":"","inmachineno":"","statisticflag":"","i18nConfig":"N","hasHighLevelTravelAnalysis":"","showFooter":"Y"}
[2019-08-22T14:07:33.139] [INFO] 信息 - ------------------------------------------------
[2019-08-22T14:07:33.140] [INFO] 信息 - 请求时间: 2019-08-22 14:07:33
[2019-08-22T14:07:33.140] [INFO] 信息 - 请求地址: /api/test/getToken
[2019-08-22T14:07:33.140] [INFO] 信息 - 请求参数: {}
[2019-08-22T14:07:33.141] [INFO] 信息 - 请求ip: 1
[2019-08-22T14:07:33.141] [INFO] 信息 - 开始请求数据
[2019-08-22T14:07:33.141] [INFO] 信息 - 请求接口:/blueskydc/uat/obt/api/admin/oa/login/getToken
[2019-08-22T14:07:33.165] [INFO] 信息 - 请求完成 获取数据:
[2019-08-22T14:07:33.165] [INFO] 信息 - {"serviceCodeName":"SINOCHEMTEST","code":0,"success":true,"token":"2156645405315724","message":"成功"}
