[2019-03-22T11:14:39.392] [INFO] 信息 - *****************************************
[2019-03-22T11:14:39.393] [INFO] 信息 - 开启时间: 2019-03-22 11:14:39
[2019-03-22T11:14:39.393] [INFO] 信息 - *****************************************
[2019-03-22T11:14:50.279] [INFO] 信息 - ------------------------------------------------
[2019-03-22T11:14:50.280] [INFO] 信息 - 请求时间: 2019-03-22 11:14:50
[2019-03-22T11:14:50.280] [INFO] 信息 - 请求地址: /api/test/other
[2019-03-22T11:14:50.280] [INFO] 信息 - 请求参数: { a: 1121 }
[2019-03-22T11:14:50.280] [INFO] 信息 - 请求ip: 172.29.255.81
[2019-03-22T11:15:33.535] [INFO] 信息 - *****************************************
[2019-03-22T11:15:33.536] [INFO] 信息 - 开启时间: 2019-03-22 11:15:33
[2019-03-22T11:15:33.536] [INFO] 信息 - *****************************************
[2019-03-22T11:15:42.080] [INFO] 信息 - *****************************************
[2019-03-22T11:15:42.081] [INFO] 信息 - 开启时间: 2019-03-22 11:15:42
[2019-03-22T11:15:42.081] [INFO] 信息 - *****************************************
[2019-03-22T11:15:43.863] [INFO] 信息 - ------------------------------------------------
[2019-03-22T11:15:43.863] [INFO] 信息 - 请求时间: 2019-03-22 11:15:43
[2019-03-22T11:15:43.864] [INFO] 信息 - 请求地址: /api/test/other
[2019-03-22T11:15:43.864] [INFO] 信息 - 请求参数: { a: 1121 }
[2019-03-22T11:15:43.864] [INFO] 信息 - 请求ip: 172.29.255.81
[2019-03-22T11:16:27.163] [INFO] 信息 - *****************************************
[2019-03-22T11:16:27.164] [INFO] 信息 - 开启时间: 2019-03-22 11:16:27
[2019-03-22T11:16:27.164] [INFO] 信息 - *****************************************
[2019-03-22T11:16:35.536] [INFO] 信息 - *****************************************
[2019-03-22T11:16:35.537] [INFO] 信息 - 开启时间: 2019-03-22 11:16:35
[2019-03-22T11:16:35.537] [INFO] 信息 - *****************************************
[2019-03-22T11:17:11.638] [INFO] 信息 - *****************************************
[2019-03-22T11:17:11.639] [INFO] 信息 - 开启时间: 2019-03-22 11:17:11
[2019-03-22T11:17:11.639] [INFO] 信息 - *****************************************
[2019-03-22T11:17:59.224] [INFO] 信息 - *****************************************
[2019-03-22T11:17:59.224] [INFO] 信息 - 开启时间: 2019-03-22 11:17:59
[2019-03-22T11:17:59.224] [INFO] 信息 - *****************************************
[2019-03-22T11:18:06.572] [INFO] 信息 - *****************************************
[2019-03-22T11:18:06.573] [INFO] 信息 - 开启时间: 2019-03-22 11:18:6
[2019-03-22T11:18:06.573] [INFO] 信息 - *****************************************
[2019-03-22T11:18:30.191] [INFO] 信息 - *****************************************
[2019-03-22T11:18:30.192] [INFO] 信息 - 开启时间: 2019-03-22 11:18:30
[2019-03-22T11:18:30.192] [INFO] 信息 - *****************************************
[2019-03-22T11:18:37.032] [INFO] 信息 - *****************************************
[2019-03-22T11:18:37.034] [INFO] 信息 - 开启时间: 2019-03-22 11:18:37
[2019-03-22T11:18:37.034] [INFO] 信息 - *****************************************
[2019-03-22T11:19:25.142] [INFO] 信息 - *****************************************
[2019-03-22T11:19:25.143] [INFO] 信息 - 开启时间: 2019-03-22 11:19:25
[2019-03-22T11:19:25.143] [INFO] 信息 - *****************************************
[2019-03-22T11:28:00.602] [INFO] 信息 - *****************************************
[2019-03-22T11:28:00.603] [INFO] 信息 - 开启时间: 2019-03-22 11:28:0
[2019-03-22T11:28:00.603] [INFO] 信息 - *****************************************
[2019-03-22T11:28:04.150] [INFO] 信息 - ------------------------------------------------
[2019-03-22T11:28:04.150] [INFO] 信息 - 请求时间: 2019-03-22 11:28:4
[2019-03-22T11:28:04.150] [INFO] 信息 - 请求地址: /api/test/other
[2019-03-22T11:28:04.150] [INFO] 信息 - 请求参数: { a: 1121 }
[2019-03-22T11:28:04.151] [INFO] 信息 - 请求ip: 172.29.255.81
[2019-03-22T11:29:06.101] [INFO] 信息 - *****************************************
[2019-03-22T11:29:06.103] [INFO] 信息 - 开启时间: 2019-03-22 11:29:6
[2019-03-22T11:29:06.103] [INFO] 信息 - *****************************************
[2019-03-22T11:29:09.443] [INFO] 信息 - ------------------------------------------------
[2019-03-22T11:29:09.443] [INFO] 信息 - 请求时间: 2019-03-22 11:29:9
[2019-03-22T11:29:09.443] [INFO] 信息 - 请求地址: /api/test/other
[2019-03-22T11:29:09.443] [INFO] 信息 - 请求参数: { a: 1121 }
[2019-03-22T11:29:09.443] [INFO] 信息 - 请求ip: 172.29.255.81
[2019-03-22T11:29:19.223] [INFO] 信息 - *****************************************
[2019-03-22T11:29:19.224] [INFO] 信息 - 开启时间: 2019-03-22 11:29:19
[2019-03-22T11:29:19.225] [INFO] 信息 - *****************************************
[2019-03-22T11:29:21.338] [INFO] 信息 - ------------------------------------------------
[2019-03-22T11:29:21.339] [INFO] 信息 - 请求时间: 2019-03-22 11:29:21
[2019-03-22T11:29:21.339] [INFO] 信息 - 请求地址: /api/test/other
[2019-03-22T11:29:21.339] [INFO] 信息 - 请求参数: { a: 1121 }
[2019-03-22T11:29:21.340] [INFO] 信息 - 请求ip: 172.29.255.81
[2019-03-22T11:29:23.891] [INFO] 信息 - *****************************************
[2019-03-22T11:29:23.892] [INFO] 信息 - 开启时间: 2019-03-22 11:29:23
[2019-03-22T11:29:23.892] [INFO] 信息 - *****************************************
[2019-03-22T11:29:37.319] [INFO] 信息 - ------------------------------------------------
[2019-03-22T11:29:37.319] [INFO] 信息 - 请求时间: 2019-03-22 11:29:37
[2019-03-22T11:29:37.319] [INFO] 信息 - 请求地址: /api/test1/other
[2019-03-22T11:29:37.319] [INFO] 信息 - 请求参数: { a: 1121 }
[2019-03-22T11:29:37.320] [INFO] 信息 - 请求ip: 172.29.255.81
[2019-03-22T11:29:39.682] [INFO] 信息 - *****************************************
[2019-03-22T11:29:39.684] [INFO] 信息 - 开启时间: 2019-03-22 11:29:39
[2019-03-22T11:29:39.684] [INFO] 信息 - *****************************************
[2019-03-22T11:29:46.858] [INFO] 信息 - ------------------------------------------------
[2019-03-22T11:29:46.858] [INFO] 信息 - 请求时间: 2019-03-22 11:29:46
[2019-03-22T11:29:46.858] [INFO] 信息 - 请求地址: /api/test/other
[2019-03-22T11:29:46.858] [INFO] 信息 - 请求参数: { a: 1121 }
[2019-03-22T11:29:46.858] [INFO] 信息 - 请求ip: 172.29.255.81
[2019-03-22T11:30:00.101] [INFO] 信息 - *****************************************
[2019-03-22T11:30:00.102] [INFO] 信息 - 开启时间: 2019-03-22 11:30:0
[2019-03-22T11:30:00.102] [INFO] 信息 - *****************************************
