[2019-04-01T10:59:50.194] [INFO] 信息 - *****************************************
[2019-04-01T10:59:50.195] [INFO] 信息 - 开启时间: 2019-04-1 10:59:50
[2019-04-01T10:59:50.195] [INFO] 信息 - *****************************************
[2019-04-01T11:00:32.482] [INFO] 信息 - ------------------------------------------------
[2019-04-01T11:00:32.483] [INFO] 信息 - 请求时间: 2019-04-1 11:00:32
[2019-04-01T11:00:32.483] [INFO] 信息 - 请求地址: /api/test/other
[2019-04-01T11:00:32.483] [INFO] 信息 - 请求参数: { a: 1121 }
[2019-04-01T11:00:32.484] [INFO] 信息 - 请求ip: 172.29.255.81
[2019-04-01T11:01:59.152] [INFO] 信息 - *****************************************
[2019-04-01T11:01:59.153] [INFO] 信息 - 开启时间: 2019-04-1 11:01:59
[2019-04-01T11:01:59.153] [INFO] 信息 - *****************************************
[2019-04-01T11:02:02.350] [INFO] 信息 - ------------------------------------------------
[2019-04-01T11:02:02.350] [INFO] 信息 - 请求时间: 2019-04-1 11:02:2
[2019-04-01T11:02:02.350] [INFO] 信息 - 请求地址: /api/test/other
[2019-04-01T11:02:02.350] [INFO] 信息 - 请求参数: { a: 1121 }
[2019-04-01T11:02:02.351] [INFO] 信息 - 请求ip: 172.29.255.81
[2019-04-01T11:04:19.584] [INFO] 信息 - *****************************************
[2019-04-01T11:04:19.585] [INFO] 信息 - 开启时间: 2019-04-1 11:04:19
[2019-04-01T11:04:19.585] [INFO] 信息 - *****************************************
[2019-04-01T11:04:21.605] [INFO] 信息 - ------------------------------------------------
[2019-04-01T11:04:21.605] [INFO] 信息 - 请求时间: 2019-04-1 11:04:21
[2019-04-01T11:04:21.605] [INFO] 信息 - 请求地址: /api/test/other
[2019-04-01T11:04:21.605] [INFO] 信息 - 请求参数: { a: 1121 }
[2019-04-01T11:04:21.605] [INFO] 信息 - 请求ip: 172.29.255.81
[2019-04-01T11:04:39.291] [INFO] 信息 - *****************************************
[2019-04-01T11:04:39.292] [INFO] 信息 - 开启时间: 2019-04-1 11:04:39
[2019-04-01T11:04:39.293] [INFO] 信息 - *****************************************
[2019-04-01T11:04:40.737] [INFO] 信息 - ------------------------------------------------
[2019-04-01T11:04:40.737] [INFO] 信息 - 请求时间: 2019-04-1 11:04:40
[2019-04-01T11:04:40.738] [INFO] 信息 - 请求地址: /api/test/other
[2019-04-01T11:04:40.738] [INFO] 信息 - 请求参数: { a: 1121 }
[2019-04-01T11:04:40.739] [INFO] 信息 - 请求ip: 172.29.255.81
[2019-04-01T11:05:52.960] [INFO] 信息 - ------------------------------------------------
[2019-04-01T11:05:52.961] [INFO] 信息 - 请求时间: 2019-04-1 11:05:52
[2019-04-01T11:05:52.961] [INFO] 信息 - 请求地址: /api/test/other
[2019-04-01T11:05:52.961] [INFO] 信息 - 请求参数: { a: 1121 }
[2019-04-01T11:05:52.961] [INFO] 信息 - 请求ip: 172.29.255.81
[2019-04-01T11:06:01.481] [INFO] 信息 - *****************************************
[2019-04-01T11:06:01.482] [INFO] 信息 - 开启时间: 2019-04-1 11:06:1
[2019-04-01T11:06:01.482] [INFO] 信息 - *****************************************
[2019-04-01T11:06:03.632] [INFO] 信息 - ------------------------------------------------
[2019-04-01T11:06:03.632] [INFO] 信息 - 请求时间: 2019-04-1 11:06:3
[2019-04-01T11:06:03.632] [INFO] 信息 - 请求地址: /api/test/other
[2019-04-01T11:06:03.632] [INFO] 信息 - 请求参数: { a: 1121 }
[2019-04-01T11:06:03.633] [INFO] 信息 - 请求ip: 172.29.255.81
[2019-04-01T11:11:12.551] [INFO] 信息 - *****************************************
[2019-04-01T11:11:12.552] [INFO] 信息 - 开启时间: 2019-04-1 11:11:12
[2019-04-01T11:11:12.552] [INFO] 信息 - *****************************************
[2019-04-01T11:11:17.788] [INFO] 信息 - ------------------------------------------------
[2019-04-01T11:11:17.788] [INFO] 信息 - 请求时间: 2019-04-1 11:11:17
[2019-04-01T11:11:17.788] [INFO] 信息 - 请求地址: /api/test/other
[2019-04-01T11:11:17.788] [INFO] 信息 - 请求参数: { a: 1121 }
[2019-04-01T11:11:17.789] [INFO] 信息 - 请求ip: 172.29.255.81
[2019-04-01T11:11:30.094] [INFO] 信息 - *****************************************
[2019-04-01T11:11:30.095] [INFO] 信息 - 开启时间: 2019-04-1 11:11:30
[2019-04-01T11:11:30.095] [INFO] 信息 - *****************************************
[2019-04-01T11:11:33.899] [INFO] 信息 - ------------------------------------------------
[2019-04-01T11:11:33.899] [INFO] 信息 - 请求时间: 2019-04-1 11:11:33
[2019-04-01T11:11:33.899] [INFO] 信息 - 请求地址: /api/test/other
[2019-04-01T11:11:33.899] [INFO] 信息 - 请求参数: { a: 1121 }
[2019-04-01T11:11:33.900] [INFO] 信息 - 请求ip: 172.29.255.81
[2019-04-01T11:19:50.838] [INFO] 信息 - *****************************************
[2019-04-01T11:19:50.840] [INFO] 信息 - 开启时间: 2019-04-1 11:19:50
[2019-04-01T11:19:50.840] [INFO] 信息 - *****************************************
[2019-04-01T11:19:54.926] [INFO] 信息 - ------------------------------------------------
[2019-04-01T11:19:54.927] [INFO] 信息 - 请求时间: 2019-04-1 11:19:54
[2019-04-01T11:19:54.927] [INFO] 信息 - 请求地址: /api/test/other
[2019-04-01T11:19:54.927] [INFO] 信息 - 请求参数: { a: 1121 }
[2019-04-01T11:19:54.931] [INFO] 信息 - 请求ip: 172.29.255.81
[2019-04-01T11:24:17.327] [INFO] 信息 - ------------------------------------------------
[2019-04-01T11:24:17.327] [INFO] 信息 - 请求时间: 2019-04-1 11:24:17
[2019-04-01T11:24:17.327] [INFO] 信息 - 请求地址: /api/test/other
[2019-04-01T11:24:17.327] [INFO] 信息 - 请求参数: { a: 1121 }
[2019-04-01T11:24:17.327] [INFO] 信息 - 请求ip: 172.29.255.81
[2019-04-01T11:25:25.171] [INFO] 信息 - *****************************************
[2019-04-01T11:25:25.172] [INFO] 信息 - 开启时间: 2019-04-1 11:25:25
[2019-04-01T11:25:25.172] [INFO] 信息 - *****************************************
[2019-04-01T11:25:27.871] [INFO] 信息 - ------------------------------------------------
[2019-04-01T11:25:27.872] [INFO] 信息 - 请求时间: 2019-04-1 11:25:27
[2019-04-01T11:25:27.872] [INFO] 信息 - 请求地址: /api/test/other
[2019-04-01T11:25:27.872] [INFO] 信息 - 请求参数: { a: 1121 }
[2019-04-01T11:25:27.872] [INFO] 信息 - 请求ip: 172.29.255.81
[2019-04-01T11:25:44.716] [INFO] 信息 - *****************************************
[2019-04-01T11:25:44.718] [INFO] 信息 - 开启时间: 2019-04-1 11:25:44
[2019-04-01T11:25:44.718] [INFO] 信息 - *****************************************
[2019-04-01T11:25:46.031] [INFO] 信息 - ------------------------------------------------
[2019-04-01T11:25:46.031] [INFO] 信息 - 请求时间: 2019-04-1 11:25:46
[2019-04-01T11:25:46.031] [INFO] 信息 - 请求地址: /api/test/other
[2019-04-01T11:25:46.031] [INFO] 信息 - 请求参数: { a: 1121 }
[2019-04-01T11:25:46.032] [INFO] 信息 - 请求ip: 172.29.255.81
[2019-04-01T11:25:58.732] [INFO] 信息 - *****************************************
[2019-04-01T11:25:58.734] [INFO] 信息 - 开启时间: 2019-04-1 11:25:58
[2019-04-01T11:25:58.734] [INFO] 信息 - *****************************************
[2019-04-01T11:25:59.633] [INFO] 信息 - ------------------------------------------------
[2019-04-01T11:25:59.633] [INFO] 信息 - 请求时间: 2019-04-1 11:25:59
[2019-04-01T11:25:59.633] [INFO] 信息 - 请求地址: /api/test/other
[2019-04-01T11:25:59.633] [INFO] 信息 - 请求参数: { a: 1121 }
[2019-04-01T11:25:59.634] [INFO] 信息 - 请求ip: 172.29.255.81
[2019-04-01T12:51:16.394] [INFO] 信息 - *****************************************
[2019-04-01T12:51:16.399] [INFO] 信息 - 开启时间: 2019-04-1 12:51:16
[2019-04-01T12:51:16.399] [INFO] 信息 - *****************************************
[2019-04-01T12:51:20.315] [INFO] 信息 - ------------------------------------------------
[2019-04-01T12:51:20.316] [INFO] 信息 - 请求时间: 2019-04-1 12:51:20
[2019-04-01T12:51:20.316] [INFO] 信息 - 请求地址: /api/test/other
[2019-04-01T12:51:20.316] [INFO] 信息 - 请求参数: { a: 1121 }
[2019-04-01T12:51:20.316] [INFO] 信息 - 请求ip: 172.29.255.81
[2019-04-01T12:51:54.631] [INFO] 信息 - *****************************************
[2019-04-01T12:51:54.633] [INFO] 信息 - 开启时间: 2019-04-1 12:51:54
[2019-04-01T12:51:54.634] [INFO] 信息 - *****************************************
[2019-04-01T12:51:56.413] [INFO] 信息 - ------------------------------------------------
[2019-04-01T12:51:56.414] [INFO] 信息 - 请求时间: 2019-04-1 12:51:56
[2019-04-01T12:51:56.414] [INFO] 信息 - 请求地址: /api/test/other
[2019-04-01T12:51:56.414] [INFO] 信息 - 请求参数: { a: 1121 }
[2019-04-01T12:51:56.414] [INFO] 信息 - 请求ip: 172.29.255.81
[2019-04-01T13:07:31.650] [INFO] 信息 - *****************************************
[2019-04-01T13:07:31.651] [INFO] 信息 - 开启时间: 2019-04-1 13:07:31
[2019-04-01T13:07:31.651] [INFO] 信息 - *****************************************
[2019-04-01T13:07:34.819] [INFO] 信息 - ------------------------------------------------
[2019-04-01T13:07:34.820] [INFO] 信息 - 请求时间: 2019-04-1 13:07:34
[2019-04-01T13:07:34.820] [INFO] 信息 - 请求地址: /api/test/other
[2019-04-01T13:07:34.820] [INFO] 信息 - 请求参数: { a: 1121 }
[2019-04-01T13:07:34.821] [INFO] 信息 - 请求ip: 172.29.255.81
[2019-04-01T13:07:59.661] [INFO] 信息 - *****************************************
[2019-04-01T13:07:59.663] [INFO] 信息 - 开启时间: 2019-04-1 13:07:59
[2019-04-01T13:07:59.663] [INFO] 信息 - *****************************************
